ARM GAS  C:\Users\MATEOC~1.QUE\AppData\Local\Temp\ccDyuKvo.s 			page 1


   1              		.syntax unified
   2              		.cpu cortex-m3
   3              		.fpu softvfp
   4              		.eabi_attribute 20, 1
   5              		.eabi_attribute 21, 1
   6              		.eabi_attribute 23, 3
   7              		.eabi_attribute 24, 1
   8              		.eabi_attribute 25, 1
   9              		.eabi_attribute 26, 1
  10              		.eabi_attribute 30, 1
  11              		.eabi_attribute 34, 1
  12              		.eabi_attribute 18, 4
  13              		.thumb
  14              		.syntax unified
  15              		.file	"ErikaOS_1_eecfg.c"
  16              		.text
  17              	.Ltext0:
  18              		.cfi_sections	.debug_frame
  19              		.global	EE_oo_autostart_task_data
  20              		.comm	EE_ApplicationMode,4,4
  21              		.global	EE_oo_action_ROM
  22              		.comm	EE_oo_counter_object_RAM,16,4
  23              		.global	EE_oo_counter_object_ROM
  24              		.global	EE_ALARM_ID
  25              		.global	EE_ALARM_NAME
  26              		.global	EE_alarm_ROM
  27              		.global	EE_counter_RAM
  28              		.global	EE_counter_ROM
  29              		.global	EE_th_is_extended
  30              		.global	EE_th_waswaiting
  31              		.global	EE_th_event_waitmask
  32              		.global	EE_th_event_active
  33              		.global	EE_th_terminate_nextask
  34              		.global	EE_rq_free
  35              		.comm	EE_rq_pairs_tid,16,4
  36              		.global	EE_rq_pairs_next
  37              		.global	EE_rq_link
  38              		.global	EE_th_rnact_max
  39              		.global	EE_th_rnact
  40              		.global	EE_rq_bitmask
  41              		.global	EE_rq_queues_tail
  42              		.global	EE_rq_queues_head
  43              		.global	EE_sys_ceiling
  44              		.global	EE_stkfirst
  45              		.global	EE_th_next
  46              		.global	EE_th_status
  47              		.global	EE_th_dispatch_prio
  48              		.global	EE_EVENT_ID
  49              		.global	EE_EVENT_NAME
  50              		.global	EE_TASK_NAME
  51              		.global	EE_th_ready_prio
  52              		.global	EE_terminate_real_th_body
  53              		.comm	EE_terminate_data,16,4
  54              		.global	EE_hal_thread_body
  55              		.global	EE_cortex_mx_IRQ_tos
  56              		.global	EE_cortex_mx_active_tos
  57              		.global	EE_cortex_mx_system_tos
ARM GAS  C:\Users\MATEOC~1.QUE\AppData\Local\Temp\ccDyuKvo.s 			page 2


  58              		.global	EE_std_thread_tos
  59              		.comm	EE_cortex_mx_stack_9,512,4
  60              		.comm	EE_cortex_mx_stack_3,200,4
  61              		.section	.rodata
  62              		.align	2
  63              		.type	EE_oo_autostart_task_data, %object
  64              		.size	EE_oo_autostart_task_data, 8
  65              	EE_oo_autostart_task_data:
  66 0000 02000000 		.word	2
  67 0004 08000000 		.word	EE_oo_autostart_task_mode_OSDEFAULTAPPMODE
  68              		.type	EE_oo_autostart_task_mode_OSDEFAULTAPPMODE, %object
  69              		.size	EE_oo_autostart_task_mode_OSDEFAULTAPPMODE, 8
  70              	EE_oo_autostart_task_mode_OSDEFAULTAPPMODE:
  71 0008 00000000 		.word	0
  72 000c 03000000 		.word	3
  73              		.type	EE_oo_action_ROM, %object
  74              		.size	EE_oo_action_ROM, 20
  75              	EE_oo_action_ROM:
  76 0010 00       		.byte	0
  77 0011 000000   		.space	3
  78 0014 03000000 		.word	3
  79 0018 00000000 		.word	0
  80 001c 00000000 		.word	0
  81 0020 FFFFFFFF 		.word	-1
  82              		.type	EE_oo_counter_object_ROM, %object
  83              		.size	EE_oo_counter_object_ROM, 12
  84              	EE_oo_counter_object_ROM:
  85 0024 00000000 		.space	12
  85      00000000 
  85      00000000 
  86              		.type	EE_ALARM_ID, %object
  87              		.size	EE_ALARM_ID, 4
  88              	EE_ALARM_ID:
  89 0030 00000000 		.space	4
  90              		.type	EE_alarm_ROM, %object
  91              		.size	EE_alarm_ROM, 4
  92              	EE_alarm_ROM:
  93 0034 00000000 		.space	4
  94              		.type	EE_counter_ROM, %object
  95              		.size	EE_counter_ROM, 12
  96              	EE_counter_ROM:
  97 0038 10270000 		.word	10000
  98 003c 01000000 		.word	1
  99 0040 00000000 		.word	0
 100              		.type	EE_th_is_extended, %object
 101              		.size	EE_th_is_extended, 16
 102              	EE_th_is_extended:
 103 0044 00000000 		.word	0
 104 0048 00000000 		.word	0
 105 004c 01000000 		.word	1
 106 0050 00000000 		.word	0
 107              		.type	EE_th_rnact_max, %object
 108              		.size	EE_th_rnact_max, 16
 109              	EE_th_rnact_max:
 110 0054 01000000 		.word	1
 111 0058 01000000 		.word	1
 112 005c 01000000 		.word	1
ARM GAS  C:\Users\MATEOC~1.QUE\AppData\Local\Temp\ccDyuKvo.s 			page 3


 113 0060 01000000 		.word	1
 114              		.type	EE_th_dispatch_prio, %object
 115              		.size	EE_th_dispatch_prio, 16
 116              	EE_th_dispatch_prio:
 117 0064 80000000 		.word	128
 118 0068 01000000 		.word	1
 119 006c 08000000 		.word	8
 120 0070 04000000 		.word	4
 121              		.type	EE_EVENT_ID, %object
 122              		.size	EE_EVENT_ID, 8
 123              	EE_EVENT_ID:
 124 0074 01000000 		.word	1
 125 0078 02000000 		.word	2
 126              		.type	EE_th_ready_prio, %object
 127              		.size	EE_th_ready_prio, 16
 128              	EE_th_ready_prio:
 129 007c 01000000 		.word	1
 130 0080 01000000 		.word	1
 131 0084 08000000 		.word	8
 132 0088 04000000 		.word	4
 133              		.type	EE_terminate_real_th_body, %object
 134              		.size	EE_terminate_real_th_body, 16
 135              	EE_terminate_real_th_body:
 136 008c 00000000 		.word	Functsk_init
 137 0090 00000000 		.word	Functsk_background
 138 0094 00000000 		.word	Functsk_sevenSet
 139 0098 00000000 		.word	Functsk_ledBlink
 140              		.type	EE_hal_thread_body, %object
 141              		.size	EE_hal_thread_body, 16
 142              	EE_hal_thread_body:
 143 009c 00000000 		.word	EE_oo_thread_stub
 144 00a0 00000000 		.word	EE_oo_thread_stub
 145 00a4 00000000 		.word	EE_oo_thread_stub
 146 00a8 00000000 		.word	EE_oo_thread_stub
 147              		.type	EE_std_thread_tos, %object
 148              		.size	EE_std_thread_tos, 20
 149              	EE_std_thread_tos:
 150 00ac 00000000 		.word	0
 151 00b0 00000000 		.word	0
 152 00b4 00000000 		.word	0
 153 00b8 01000000 		.word	1
 154 00bc 00000000 		.word	0
 155              		.data
 156              		.align	2
 157              		.type	EE_ALARM_NAME, %object
 158              		.size	EE_ALARM_NAME, 4
 159              	EE_ALARM_NAME:
 160 0000 00000000 		.word	.LC0
 161              		.type	EE_counter_RAM, %object
 162              		.size	EE_counter_RAM, 8
 163              	EE_counter_RAM:
 164 0004 00000000 		.word	0
 165 0008 FFFFFFFF 		.word	-1
 166              		.type	EE_th_terminate_nextask, %object
 167              		.size	EE_th_terminate_nextask, 16
 168              	EE_th_terminate_nextask:
 169 000c FFFFFFFF 		.word	-1
ARM GAS  C:\Users\MATEOC~1.QUE\AppData\Local\Temp\ccDyuKvo.s 			page 4


 170 0010 FFFFFFFF 		.word	-1
 171 0014 FFFFFFFF 		.word	-1
 172 0018 FFFFFFFF 		.word	-1
 173              		.type	EE_rq_pairs_next, %object
 174              		.size	EE_rq_pairs_next, 16
 175              	EE_rq_pairs_next:
 176 001c 01000000 		.word	1
 177 0020 02000000 		.word	2
 178 0024 03000000 		.word	3
 179 0028 FFFFFFFF 		.word	-1
 180              		.type	EE_rq_link, %object
 181              		.size	EE_rq_link, 16
 182              	EE_rq_link:
 183 002c 00000000 		.word	0
 184 0030 00000000 		.word	0
 185 0034 03000000 		.word	3
 186 0038 02000000 		.word	2
 187              		.type	EE_th_rnact, %object
 188              		.size	EE_th_rnact, 16
 189              	EE_th_rnact:
 190 003c 01000000 		.word	1
 191 0040 01000000 		.word	1
 192 0044 01000000 		.word	1
 193 0048 01000000 		.word	1
 194              		.type	EE_rq_queues_tail, %object
 195              		.size	EE_rq_queues_tail, 64
 196              	EE_rq_queues_tail:
 197 004c FFFFFFFF 		.word	-1
 198 0050 FFFFFFFF 		.word	-1
 199 0054 FFFFFFFF 		.word	-1
 200 0058 FFFFFFFF 		.word	-1
 201 005c FFFFFFFF 		.word	-1
 202 0060 FFFFFFFF 		.word	-1
 203 0064 FFFFFFFF 		.word	-1
 204 0068 FFFFFFFF 		.word	-1
 205 006c FFFFFFFF 		.word	-1
 206 0070 FFFFFFFF 		.word	-1
 207 0074 FFFFFFFF 		.word	-1
 208 0078 FFFFFFFF 		.word	-1
 209 007c FFFFFFFF 		.word	-1
 210 0080 FFFFFFFF 		.word	-1
 211 0084 FFFFFFFF 		.word	-1
 212 0088 FFFFFFFF 		.word	-1
 213              		.type	EE_rq_queues_head, %object
 214              		.size	EE_rq_queues_head, 64
 215              	EE_rq_queues_head:
 216 008c FFFFFFFF 		.word	-1
 217 0090 FFFFFFFF 		.word	-1
 218 0094 FFFFFFFF 		.word	-1
 219 0098 FFFFFFFF 		.word	-1
 220 009c FFFFFFFF 		.word	-1
 221 00a0 FFFFFFFF 		.word	-1
 222 00a4 FFFFFFFF 		.word	-1
 223 00a8 FFFFFFFF 		.word	-1
 224 00ac FFFFFFFF 		.word	-1
 225 00b0 FFFFFFFF 		.word	-1
 226 00b4 FFFFFFFF 		.word	-1
ARM GAS  C:\Users\MATEOC~1.QUE\AppData\Local\Temp\ccDyuKvo.s 			page 5


 227 00b8 FFFFFFFF 		.word	-1
 228 00bc FFFFFFFF 		.word	-1
 229 00c0 FFFFFFFF 		.word	-1
 230 00c4 FFFFFFFF 		.word	-1
 231 00c8 FFFFFFFF 		.word	-1
 232              		.type	EE_stkfirst, %object
 233              		.size	EE_stkfirst, 4
 234              	EE_stkfirst:
 235 00cc FFFFFFFF 		.word	-1
 236              		.type	EE_th_next, %object
 237              		.size	EE_th_next, 16
 238              	EE_th_next:
 239 00d0 FFFFFFFF 		.word	-1
 240 00d4 FFFFFFFF 		.word	-1
 241 00d8 FFFFFFFF 		.word	-1
 242 00dc FFFFFFFF 		.word	-1
 243              		.type	EE_th_status, %object
 244              		.size	EE_th_status, 16
 245              	EE_th_status:
 246 00e0 03000000 		.word	3
 247 00e4 03000000 		.word	3
 248 00e8 03000000 		.word	3
 249 00ec 03000000 		.word	3
 250              		.type	EE_EVENT_NAME, %object
 251              		.size	EE_EVENT_NAME, 8
 252              	EE_EVENT_NAME:
 253 00f0 10000000 		.word	.LC1
 254 00f4 1C000000 		.word	.LC2
 255              		.type	EE_TASK_NAME, %object
 256              		.size	EE_TASK_NAME, 16
 257              	EE_TASK_NAME:
 258 00f8 24000000 		.word	.LC3
 259 00fc 30000000 		.word	.LC4
 260 0100 40000000 		.word	.LC5
 261 0104 50000000 		.word	.LC6
 262              		.type	EE_cortex_mx_IRQ_tos, %object
 263              		.size	EE_cortex_mx_IRQ_tos, 4
 264              	EE_cortex_mx_IRQ_tos:
 265 0108 00020000 		.word	EE_cortex_mx_stack_9+512
 266              		.type	EE_cortex_mx_system_tos, %object
 267              		.size	EE_cortex_mx_system_tos, 8
 268              	EE_cortex_mx_system_tos:
 269 010c 00000000 		.word	0
 270 0110 A0000000 		.word	EE_cortex_mx_stack_3+160
 271              		.section	.rodata.str1.4,"aMS",%progbits,1
 272              		.align	2
 273              	.LC0:
 274 0000 616C6172 		.ascii	"alarm_ledBlink\000"
 274      6D5F6C65 
 274      64426C69 
 274      6E6B00
 275 000f 00       		.space	1
 276              	.LC1:
 277 0010 65765F72 		.ascii	"ev_reset\000"
 277      65736574 
 277      00
 278 0019 000000   		.space	3
ARM GAS  C:\Users\MATEOC~1.QUE\AppData\Local\Temp\ccDyuKvo.s 			page 6


 279              	.LC2:
 280 001c 65765F31 		.ascii	"ev_1s\000"
 280      7300
 281 0022 0000     		.space	2
 282              	.LC3:
 283 0024 74736B5F 		.ascii	"tsk_init\000"
 283      696E6974 
 283      00
 284 002d 000000   		.space	3
 285              	.LC4:
 286 0030 74736B5F 		.ascii	"tsk_background\000"
 286      6261636B 
 286      67726F75 
 286      6E6400
 287 003f 00       		.space	1
 288              	.LC5:
 289 0040 74736B5F 		.ascii	"tsk_sevenSet\000"
 289      73657665 
 289      6E536574 
 289      00
 290 004d 000000   		.space	3
 291              	.LC6:
 292 0050 74736B5F 		.ascii	"tsk_ledBlink\000"
 292      6C656442 
 292      6C696E6B 
 292      00
 293              		.bss
 294              		.align	2
 295              		.type	EE_th_waswaiting, %object
 296              		.size	EE_th_waswaiting, 16
 297              	EE_th_waswaiting:
 298 0000 00000000 		.space	16
 298      00000000 
 298      00000000 
 298      00000000 
 299              		.type	EE_th_event_waitmask, %object
 300              		.size	EE_th_event_waitmask, 16
 301              	EE_th_event_waitmask:
 302 0010 00000000 		.space	16
 302      00000000 
 302      00000000 
 302      00000000 
 303              		.type	EE_th_event_active, %object
 304              		.size	EE_th_event_active, 16
 305              	EE_th_event_active:
 306 0020 00000000 		.space	16
 306      00000000 
 306      00000000 
 306      00000000 
 307              		.type	EE_rq_free, %object
 308              		.size	EE_rq_free, 4
 309              	EE_rq_free:
 310 0030 00000000 		.space	4
 311              		.type	EE_rq_bitmask, %object
 312              		.size	EE_rq_bitmask, 2
 313              	EE_rq_bitmask:
 314 0034 0000     		.space	2
ARM GAS  C:\Users\MATEOC~1.QUE\AppData\Local\Temp\ccDyuKvo.s 			page 7


 315 0036 0000     		.space	2
 316              		.type	EE_sys_ceiling, %object
 317              		.size	EE_sys_ceiling, 4
 318              	EE_sys_ceiling:
 319 0038 00000000 		.space	4
 320              		.type	EE_cortex_mx_active_tos, %object
 321              		.size	EE_cortex_mx_active_tos, 4
 322              	EE_cortex_mx_active_tos:
 323 003c 00000000 		.space	4
 324              		.text
 325              	.Letext0:
 326              		.file 1 "Generated_Source\\PSoC5\\ErikaOS_1_common_ee_types.inc"
 327              		.file 2 "Generated_Source\\PSoC5\\ErikaOS_1_cortex_mx_ee_cpu.inc"
 328              		.file 3 "Generated_Source\\PSoC5\\ErikaOS_1_ee_oo_common.inc"
 329              		.file 4 "Generated_Source\\PSoC5\\ErikaOS_1_common_ee_hal_structs.inc"
 330              		.file 5 "Generated_Source\\PSoC5\\ErikaOS_1_eecfg.c"
 331              		.file 6 "Generated_Source\\PSoC5\\ErikaOS_1_ee_oo_intfunc.inc"
 332              		.file 7 "Generated_Source\\PSoC5\\ErikaOS_1_cortex_mx_ee_context.inc"
 333              		.file 8 "Generated_Source\\PSoC5\\ErikaOS_1_common_ee_primitives.inc"
 334              		.section	.debug_info,"",%progbits
 335              	.Ldebug_info0:
 336 0000 B2080000 		.4byte	0x8b2
 337 0004 0400     		.2byte	0x4
 338 0006 00000000 		.4byte	.Ldebug_abbrev0
 339 000a 04       		.byte	0x4
 340 000b 01       		.uleb128 0x1
 341 000c D5040000 		.4byte	.LASF112
 342 0010 0C       		.byte	0xc
 343 0011 34070000 		.4byte	.LASF113
 344 0015 65060000 		.4byte	.LASF114
 345 0019 00000000 		.4byte	.Ldebug_line0
 346 001d 02       		.uleb128 0x2
 347 001e 01       		.byte	0x1
 348 001f 06       		.byte	0x6
 349 0020 0F010000 		.4byte	.LASF0
 350 0024 02       		.uleb128 0x2
 351 0025 01       		.byte	0x1
 352 0026 08       		.byte	0x8
 353 0027 38040000 		.4byte	.LASF1
 354 002b 02       		.uleb128 0x2
 355 002c 02       		.byte	0x2
 356 002d 05       		.byte	0x5
 357 002e 7D040000 		.4byte	.LASF2
 358 0032 02       		.uleb128 0x2
 359 0033 02       		.byte	0x2
 360 0034 07       		.byte	0x7
 361 0035 73020000 		.4byte	.LASF3
 362 0039 02       		.uleb128 0x2
 363 003a 04       		.byte	0x4
 364 003b 05       		.byte	0x5
 365 003c 96010000 		.4byte	.LASF4
 366 0040 02       		.uleb128 0x2
 367 0041 04       		.byte	0x4
 368 0042 07       		.byte	0x7
 369 0043 31020000 		.4byte	.LASF5
 370 0047 02       		.uleb128 0x2
 371 0048 08       		.byte	0x8
ARM GAS  C:\Users\MATEOC~1.QUE\AppData\Local\Temp\ccDyuKvo.s 			page 8


 372 0049 05       		.byte	0x5
 373 004a 01010000 		.4byte	.LASF6
 374 004e 02       		.uleb128 0x2
 375 004f 08       		.byte	0x8
 376 0050 07       		.byte	0x7
 377 0051 5E000000 		.4byte	.LASF7
 378 0055 03       		.uleb128 0x3
 379 0056 04       		.byte	0x4
 380 0057 05       		.byte	0x5
 381 0058 696E7400 		.ascii	"int\000"
 382 005c 02       		.uleb128 0x2
 383 005d 04       		.byte	0x4
 384 005e 07       		.byte	0x7
 385 005f F9010000 		.4byte	.LASF8
 386 0063 02       		.uleb128 0x2
 387 0064 08       		.byte	0x8
 388 0065 04       		.byte	0x4
 389 0066 86030000 		.4byte	.LASF9
 390 006a 04       		.uleb128 0x4
 391 006b 05040000 		.4byte	.LASF10
 392 006f 01       		.byte	0x1
 393 0070 52       		.byte	0x52
 394 0071 32000000 		.4byte	0x32
 395 0075 04       		.uleb128 0x4
 396 0076 19070000 		.4byte	.LASF11
 397 007a 01       		.byte	0x1
 398 007b 53       		.byte	0x53
 399 007c 55000000 		.4byte	0x55
 400 0080 04       		.uleb128 0x4
 401 0081 0F070000 		.4byte	.LASF12
 402 0085 01       		.byte	0x1
 403 0086 54       		.byte	0x54
 404 0087 5C000000 		.4byte	0x5c
 405 008b 04       		.uleb128 0x4
 406 008c 8D070000 		.4byte	.LASF13
 407 0090 01       		.byte	0x1
 408 0091 64       		.byte	0x64
 409 0092 96000000 		.4byte	0x96
 410 0096 05       		.uleb128 0x5
 411 0097 04       		.byte	0x4
 412 0098 06       		.uleb128 0x6
 413 0099 04       		.byte	0x4
 414 009a 9E000000 		.4byte	0x9e
 415 009e 07       		.uleb128 0x7
 416 009f 04       		.uleb128 0x4
 417 00a0 09030000 		.4byte	.LASF14
 418 00a4 01       		.byte	0x1
 419 00a5 70       		.byte	0x70
 420 00a6 98000000 		.4byte	0x98
 421 00aa 04       		.uleb128 0x4
 422 00ab 6F050000 		.4byte	.LASF15
 423 00af 01       		.byte	0x1
 424 00b0 73       		.byte	0x73
 425 00b1 98000000 		.4byte	0x98
 426 00b5 04       		.uleb128 0x4
 427 00b6 06020000 		.4byte	.LASF16
 428 00ba 02       		.byte	0x2
ARM GAS  C:\Users\MATEOC~1.QUE\AppData\Local\Temp\ccDyuKvo.s 			page 9


 429 00bb 4D       		.byte	0x4d
 430 00bc 80000000 		.4byte	0x80
 431 00c0 04       		.uleb128 0x4
 432 00c1 A8030000 		.4byte	.LASF17
 433 00c5 02       		.byte	0x2
 434 00c6 4E       		.byte	0x4e
 435 00c7 75000000 		.4byte	0x75
 436 00cb 04       		.uleb128 0x4
 437 00cc A7070000 		.4byte	.LASF18
 438 00d0 02       		.byte	0x2
 439 00d1 4F       		.byte	0x4f
 440 00d2 80000000 		.4byte	0x80
 441 00d6 04       		.uleb128 0x4
 442 00d7 3D000000 		.4byte	.LASF19
 443 00db 02       		.byte	0x2
 444 00dc 54       		.byte	0x54
 445 00dd B5000000 		.4byte	0xb5
 446 00e1 04       		.uleb128 0x4
 447 00e2 EC010000 		.4byte	.LASF20
 448 00e6 02       		.byte	0x2
 449 00e7 78       		.byte	0x78
 450 00e8 75000000 		.4byte	0x75
 451 00ec 08       		.uleb128 0x8
 452 00ed B3000000 		.4byte	.LASF61
 453 00f1 04       		.byte	0x4
 454 00f2 04       		.byte	0x4
 455 00f3 4D       		.byte	0x4d
 456 00f4 05010000 		.4byte	0x105
 457 00f8 09       		.uleb128 0x9
 458 00f9 79070000 		.4byte	.LASF28
 459 00fd 04       		.byte	0x4
 460 00fe 4E       		.byte	0x4e
 461 00ff 8B000000 		.4byte	0x8b
 462 0103 00       		.byte	0
 463 0104 00       		.byte	0
 464 0105 0A       		.uleb128 0xa
 465 0106 6D030000 		.4byte	.LASF21
 466 010a 03       		.byte	0x3
 467 010b 1101     		.2byte	0x111
 468 010d 6A000000 		.4byte	0x6a
 469 0111 0A       		.uleb128 0xa
 470 0112 AA000000 		.4byte	.LASF22
 471 0116 03       		.byte	0x3
 472 0117 F701     		.2byte	0x1f7
 473 0119 E1000000 		.4byte	0xe1
 474 011d 0A       		.uleb128 0xa
 475 011e 32010000 		.4byte	.LASF23
 476 0122 03       		.byte	0x3
 477 0123 2C02     		.2byte	0x22c
 478 0125 B5000000 		.4byte	0xb5
 479 0129 0A       		.uleb128 0xa
 480 012a 1D000000 		.4byte	.LASF24
 481 012e 03       		.byte	0x3
 482 012f 3502     		.2byte	0x235
 483 0131 B5000000 		.4byte	0xb5
 484 0135 0A       		.uleb128 0xa
 485 0136 C8050000 		.4byte	.LASF25
ARM GAS  C:\Users\MATEOC~1.QUE\AppData\Local\Temp\ccDyuKvo.s 			page 10


 486 013a 03       		.byte	0x3
 487 013b 5D02     		.2byte	0x25d
 488 013d B5000000 		.4byte	0xb5
 489 0141 0A       		.uleb128 0xa
 490 0142 32000000 		.4byte	.LASF26
 491 0146 03       		.byte	0x3
 492 0147 6302     		.2byte	0x263
 493 0149 B5000000 		.4byte	0xb5
 494 014d 0A       		.uleb128 0xa
 495 014e 1A030000 		.4byte	.LASF27
 496 0152 03       		.byte	0x3
 497 0153 6C02     		.2byte	0x26c
 498 0155 B5000000 		.4byte	0xb5
 499 0159 0B       		.uleb128 0xb
 500 015a 0C       		.byte	0xc
 501 015b 03       		.byte	0x3
 502 015c 7202     		.2byte	0x272
 503 015e 8A010000 		.4byte	0x18a
 504 0162 0C       		.uleb128 0xc
 505 0163 BA000000 		.4byte	.LASF29
 506 0167 03       		.byte	0x3
 507 0168 7302     		.2byte	0x273
 508 016a 29010000 		.4byte	0x129
 509 016e 00       		.byte	0
 510 016f 0C       		.uleb128 0xc
 511 0170 B0030000 		.4byte	.LASF30
 512 0174 03       		.byte	0x3
 513 0175 7402     		.2byte	0x274
 514 0177 29010000 		.4byte	0x129
 515 017b 04       		.byte	0x4
 516 017c 0C       		.uleb128 0xc
 517 017d E3010000 		.4byte	.LASF31
 518 0181 03       		.byte	0x3
 519 0182 7502     		.2byte	0x275
 520 0184 29010000 		.4byte	0x129
 521 0188 08       		.byte	0x8
 522 0189 00       		.byte	0
 523 018a 0A       		.uleb128 0xa
 524 018b BE040000 		.4byte	.LASF32
 525 018f 03       		.byte	0x3
 526 0190 7A02     		.2byte	0x27a
 527 0192 59010000 		.4byte	0x159
 528 0196 0B       		.uleb128 0xb
 529 0197 08       		.byte	0x8
 530 0198 03       		.byte	0x3
 531 0199 7D02     		.2byte	0x27d
 532 019b BA010000 		.4byte	0x1ba
 533 019f 0C       		.uleb128 0xc
 534 01a0 F3010000 		.4byte	.LASF33
 535 01a4 03       		.byte	0x3
 536 01a5 7E02     		.2byte	0x27e
 537 01a7 29010000 		.4byte	0x129
 538 01ab 00       		.byte	0
 539 01ac 0C       		.uleb128 0xc
 540 01ad C2050000 		.4byte	.LASF34
 541 01b1 03       		.byte	0x3
 542 01b2 7F02     		.2byte	0x27f
ARM GAS  C:\Users\MATEOC~1.QUE\AppData\Local\Temp\ccDyuKvo.s 			page 11


 543 01b4 35010000 		.4byte	0x135
 544 01b8 04       		.byte	0x4
 545 01b9 00       		.byte	0
 546 01ba 0A       		.uleb128 0xa
 547 01bb 73010000 		.4byte	.LASF35
 548 01bf 03       		.byte	0x3
 549 01c0 8002     		.2byte	0x280
 550 01c2 96010000 		.4byte	0x196
 551 01c6 0D       		.uleb128 0xd
 552 01c7 01       		.byte	0x1
 553 01c8 24000000 		.4byte	0x24
 554 01cc 03       		.byte	0x3
 555 01cd 8A02     		.2byte	0x28a
 556 01cf E0010000 		.4byte	0x1e0
 557 01d3 0E       		.uleb128 0xe
 558 01d4 46040000 		.4byte	.LASF36
 559 01d8 00       		.byte	0
 560 01d9 0E       		.uleb128 0xe
 561 01da 0F040000 		.4byte	.LASF37
 562 01de 01       		.byte	0x1
 563 01df 00       		.byte	0
 564 01e0 0A       		.uleb128 0xa
 565 01e1 9E020000 		.4byte	.LASF38
 566 01e5 03       		.byte	0x3
 567 01e6 8D02     		.2byte	0x28d
 568 01e8 C6010000 		.4byte	0x1c6
 569 01ec 0A       		.uleb128 0xa
 570 01ed CA020000 		.4byte	.LASF39
 571 01f1 03       		.byte	0x3
 572 01f2 9002     		.2byte	0x290
 573 01f4 E0010000 		.4byte	0x1e0
 574 01f8 0B       		.uleb128 0xb
 575 01f9 0C       		.byte	0xc
 576 01fa 03       		.byte	0x3
 577 01fb 9402     		.2byte	0x294
 578 01fd 27020000 		.4byte	0x227
 579 0201 0F       		.uleb128 0xf
 580 0202 6300     		.ascii	"c\000"
 581 0204 03       		.byte	0x3
 582 0205 9602     		.2byte	0x296
 583 0207 4D010000 		.4byte	0x14d
 584 020b 00       		.byte	0
 585 020c 0C       		.uleb128 0xc
 586 020d 1F060000 		.4byte	.LASF40
 587 0211 03       		.byte	0x3
 588 0212 9802     		.2byte	0x298
 589 0214 35010000 		.4byte	0x135
 590 0218 04       		.byte	0x4
 591 0219 0C       		.uleb128 0xc
 592 021a 6E020000 		.4byte	.LASF41
 593 021e 03       		.byte	0x3
 594 021f 9A02     		.2byte	0x29a
 595 0221 EC010000 		.4byte	0x1ec
 596 0225 08       		.byte	0x8
 597 0226 00       		.byte	0
 598 0227 0A       		.uleb128 0xa
 599 0228 7B000000 		.4byte	.LASF42
ARM GAS  C:\Users\MATEOC~1.QUE\AppData\Local\Temp\ccDyuKvo.s 			page 12


 600 022c 03       		.byte	0x3
 601 022d 9B02     		.2byte	0x29b
 602 022f F8010000 		.4byte	0x1f8
 603 0233 0B       		.uleb128 0xb
 604 0234 10       		.byte	0x10
 605 0235 03       		.byte	0x3
 606 0236 9F02     		.2byte	0x29f
 607 0238 71020000 		.4byte	0x271
 608 023c 0C       		.uleb128 0xc
 609 023d BD030000 		.4byte	.LASF43
 610 0241 03       		.byte	0x3
 611 0242 A002     		.2byte	0x2a0
 612 0244 D6000000 		.4byte	0xd6
 613 0248 00       		.byte	0
 614 0249 0C       		.uleb128 0xc
 615 024a 70070000 		.4byte	.LASF44
 616 024e 03       		.byte	0x3
 617 024f A102     		.2byte	0x2a1
 618 0251 29010000 		.4byte	0x129
 619 0255 04       		.byte	0x4
 620 0256 0C       		.uleb128 0xc
 621 0257 75000000 		.4byte	.LASF45
 622 025b 03       		.byte	0x3
 623 025c A202     		.2byte	0x2a2
 624 025e 29010000 		.4byte	0x129
 625 0262 08       		.byte	0x8
 626 0263 0C       		.uleb128 0xc
 627 0264 00000000 		.4byte	.LASF46
 628 0268 03       		.byte	0x3
 629 0269 A302     		.2byte	0x2a3
 630 026b 35010000 		.4byte	0x135
 631 026f 0C       		.byte	0xc
 632 0270 00       		.byte	0
 633 0271 0A       		.uleb128 0xa
 634 0272 C2030000 		.4byte	.LASF47
 635 0276 03       		.byte	0x3
 636 0277 A402     		.2byte	0x2a4
 637 0279 33020000 		.4byte	0x233
 638 027d 0D       		.uleb128 0xd
 639 027e 01       		.byte	0x1
 640 027f 24000000 		.4byte	0x24
 641 0283 03       		.byte	0x3
 642 0284 A702     		.2byte	0x2a7
 643 0286 A3020000 		.4byte	0x2a3
 644 028a 0E       		.uleb128 0xe
 645 028b DF050000 		.4byte	.LASF48
 646 028f 00       		.byte	0
 647 0290 0E       		.uleb128 0xe
 648 0291 27060000 		.4byte	.LASF49
 649 0295 01       		.byte	0x1
 650 0296 0E       		.uleb128 0xe
 651 0297 FE050000 		.4byte	.LASF50
 652 029b 02       		.byte	0x2
 653 029c 0E       		.uleb128 0xe
 654 029d A1050000 		.4byte	.LASF51
 655 02a1 03       		.byte	0x3
 656 02a2 00       		.byte	0
ARM GAS  C:\Users\MATEOC~1.QUE\AppData\Local\Temp\ccDyuKvo.s 			page 13


 657 02a3 0A       		.uleb128 0xa
 658 02a4 1B010000 		.4byte	.LASF52
 659 02a8 03       		.byte	0x3
 660 02a9 AC02     		.2byte	0x2ac
 661 02ab 7D020000 		.4byte	0x27d
 662 02af 0A       		.uleb128 0xa
 663 02b0 BE060000 		.4byte	.LASF53
 664 02b4 03       		.byte	0x3
 665 02b5 AF02     		.2byte	0x2af
 666 02b7 A3020000 		.4byte	0x2a3
 667 02bb 0B       		.uleb128 0xb
 668 02bc 14       		.byte	0x14
 669 02bd 03       		.byte	0x3
 670 02be B202     		.2byte	0x2b2
 671 02c0 04030000 		.4byte	0x304
 672 02c4 0C       		.uleb128 0xc
 673 02c5 59060000 		.4byte	.LASF54
 674 02c9 03       		.byte	0x3
 675 02ca B302     		.2byte	0x2b3
 676 02cc AF020000 		.4byte	0x2af
 677 02d0 00       		.byte	0
 678 02d1 0C       		.uleb128 0xc
 679 02d2 81070000 		.4byte	.LASF55
 680 02d6 03       		.byte	0x3
 681 02d7 B402     		.2byte	0x2b4
 682 02d9 11010000 		.4byte	0x111
 683 02dd 04       		.byte	0x4
 684 02de 0C       		.uleb128 0xc
 685 02df 63050000 		.4byte	.LASF56
 686 02e3 03       		.byte	0x3
 687 02e4 B602     		.2byte	0x2b6
 688 02e6 1D010000 		.4byte	0x11d
 689 02ea 08       		.byte	0x8
 690 02eb 0F       		.uleb128 0xf
 691 02ec 6600     		.ascii	"f\000"
 692 02ee 03       		.byte	0x3
 693 02ef B802     		.2byte	0x2b8
 694 02f1 9F000000 		.4byte	0x9f
 695 02f5 0C       		.byte	0xc
 696 02f6 0C       		.uleb128 0xc
 697 02f7 74040000 		.4byte	.LASF57
 698 02fb 03       		.byte	0x3
 699 02fc BA02     		.2byte	0x2ba
 700 02fe 4D010000 		.4byte	0x14d
 701 0302 10       		.byte	0x10
 702 0303 00       		.byte	0
 703 0304 0A       		.uleb128 0xa
 704 0305 EF030000 		.4byte	.LASF58
 705 0309 03       		.byte	0x3
 706 030a BB02     		.2byte	0x2bb
 707 030c BB020000 		.4byte	0x2bb
 708 0310 0B       		.uleb128 0xb
 709 0311 04       		.byte	0x4
 710 0312 03       		.byte	0x3
 711 0313 BD02     		.2byte	0x2bd
 712 0315 27030000 		.4byte	0x327
 713 0319 0C       		.uleb128 0xc
ARM GAS  C:\Users\MATEOC~1.QUE\AppData\Local\Temp\ccDyuKvo.s 			page 14


 714 031a 3F030000 		.4byte	.LASF59
 715 031e 03       		.byte	0x3
 716 031f BF02     		.2byte	0x2bf
 717 0321 41010000 		.4byte	0x141
 718 0325 00       		.byte	0
 719 0326 00       		.byte	0
 720 0327 0A       		.uleb128 0xa
 721 0328 0E020000 		.4byte	.LASF60
 722 032c 03       		.byte	0x3
 723 032d C402     		.2byte	0x2c4
 724 032f 10030000 		.4byte	0x310
 725 0333 10       		.uleb128 0x10
 726 0334 54020000 		.4byte	.LASF62
 727 0338 08       		.byte	0x8
 728 0339 03       		.byte	0x3
 729 033a 0E04     		.2byte	0x40e
 730 033c 5A030000 		.4byte	0x35a
 731 0340 0F       		.uleb128 0xf
 732 0341 6E7400   		.ascii	"nt\000"
 733 0344 03       		.byte	0x3
 734 0345 0F04     		.2byte	0x40f
 735 0347 B5000000 		.4byte	0xb5
 736 034b 00       		.byte	0
 737 034c 0C       		.uleb128 0xc
 738 034d A0060000 		.4byte	.LASF63
 739 0351 03       		.byte	0x3
 740 0352 1004     		.2byte	0x410
 741 0354 6A030000 		.4byte	0x36a
 742 0358 04       		.byte	0x4
 743 0359 00       		.byte	0
 744 035a 11       		.uleb128 0x11
 745 035b 65030000 		.4byte	0x365
 746 035f 65030000 		.4byte	0x365
 747 0363 12       		.uleb128 0x12
 748 0364 00       		.byte	0
 749 0365 13       		.uleb128 0x13
 750 0366 E1000000 		.4byte	0xe1
 751 036a 06       		.uleb128 0x6
 752 036b 04       		.byte	0x4
 753 036c 5A030000 		.4byte	0x35a
 754 0370 11       		.uleb128 0x11
 755 0371 65030000 		.4byte	0x365
 756 0375 80030000 		.4byte	0x380
 757 0379 14       		.uleb128 0x14
 758 037a 80030000 		.4byte	0x380
 759 037e 01       		.byte	0x1
 760 037f 00       		.byte	0
 761 0380 02       		.uleb128 0x2
 762 0381 04       		.byte	0x4
 763 0382 07       		.byte	0x7
 764 0383 7D030000 		.4byte	.LASF64
 765 0387 15       		.uleb128 0x15
 766 0388 CA000000 		.4byte	.LASF115
 767 038c 05       		.byte	0x5
 768 038d 6507     		.2byte	0x765
 769 038f 99030000 		.4byte	0x399
 770 0393 05       		.uleb128 0x5
ARM GAS  C:\Users\MATEOC~1.QUE\AppData\Local\Temp\ccDyuKvo.s 			page 15


 771 0394 03       		.byte	0x3
 772 0395 08000000 		.4byte	EE_oo_autostart_task_mode_OSDEFAULTAPPMODE
 773 0399 13       		.uleb128 0x13
 774 039a 70030000 		.4byte	0x370
 775 039e 11       		.uleb128 0x11
 776 039f AE030000 		.4byte	0x3ae
 777 03a3 AE030000 		.4byte	0x3ae
 778 03a7 14       		.uleb128 0x14
 779 03a8 80030000 		.4byte	0x380
 780 03ac 03       		.byte	0x3
 781 03ad 00       		.byte	0
 782 03ae 13       		.uleb128 0x13
 783 03af AA000000 		.4byte	0xaa
 784 03b3 16       		.uleb128 0x16
 785 03b4 37060000 		.4byte	.LASF65
 786 03b8 05       		.byte	0x5
 787 03b9 D2       		.byte	0xd2
 788 03ba C4030000 		.4byte	0x3c4
 789 03be 05       		.uleb128 0x5
 790 03bf 03       		.byte	0x3
 791 03c0 00000000 		.4byte	EE_hal_thread_body
 792 03c4 13       		.uleb128 0x13
 793 03c5 9E030000 		.4byte	0x39e
 794 03c9 11       		.uleb128 0x11
 795 03ca D9030000 		.4byte	0x3d9
 796 03ce D9030000 		.4byte	0x3d9
 797 03d2 14       		.uleb128 0x14
 798 03d3 80030000 		.4byte	0x380
 799 03d7 04       		.byte	0x4
 800 03d8 00       		.byte	0
 801 03d9 13       		.uleb128 0x13
 802 03da B5000000 		.4byte	0xb5
 803 03de 16       		.uleb128 0x16
 804 03df 8F050000 		.4byte	.LASF66
 805 03e3 05       		.byte	0x5
 806 03e4 71       		.byte	0x71
 807 03e5 EF030000 		.4byte	0x3ef
 808 03e9 05       		.uleb128 0x5
 809 03ea 03       		.byte	0x3
 810 03eb 00000000 		.4byte	EE_std_thread_tos
 811 03ef 13       		.uleb128 0x13
 812 03f0 C9030000 		.4byte	0x3c9
 813 03f4 11       		.uleb128 0x11
 814 03f5 80000000 		.4byte	0x80
 815 03f9 04040000 		.4byte	0x404
 816 03fd 14       		.uleb128 0x14
 817 03fe 80030000 		.4byte	0x380
 818 0402 03       		.byte	0x3
 819 0403 00       		.byte	0
 820 0404 16       		.uleb128 0x16
 821 0405 22070000 		.4byte	.LASF67
 822 0409 05       		.byte	0x5
 823 040a ED       		.byte	0xed
 824 040b F4030000 		.4byte	0x3f4
 825 040f 05       		.uleb128 0x5
 826 0410 03       		.byte	0x3
 827 0411 00000000 		.4byte	EE_terminate_data
ARM GAS  C:\Users\MATEOC~1.QUE\AppData\Local\Temp\ccDyuKvo.s 			page 16


 828 0415 16       		.uleb128 0x16
 829 0416 5A040000 		.4byte	.LASF68
 830 041a 05       		.byte	0x5
 831 041b F0       		.byte	0xf0
 832 041c 26040000 		.4byte	0x426
 833 0420 05       		.uleb128 0x5
 834 0421 03       		.byte	0x3
 835 0422 00000000 		.4byte	EE_terminate_real_th_body
 836 0426 13       		.uleb128 0x13
 837 0427 9E030000 		.4byte	0x39e
 838 042b 11       		.uleb128 0x11
 839 042c EC000000 		.4byte	0xec
 840 0430 3B040000 		.4byte	0x43b
 841 0434 14       		.uleb128 0x14
 842 0435 80030000 		.4byte	0x380
 843 0439 01       		.byte	0x1
 844 043a 00       		.byte	0
 845 043b 16       		.uleb128 0x16
 846 043c 20040000 		.4byte	.LASF69
 847 0440 05       		.byte	0x5
 848 0441 8D       		.byte	0x8d
 849 0442 2B040000 		.4byte	0x42b
 850 0446 05       		.uleb128 0x5
 851 0447 03       		.byte	0x3
 852 0448 00000000 		.4byte	EE_cortex_mx_system_tos
 853 044c 16       		.uleb128 0x16
 854 044d 5B010000 		.4byte	.LASF70
 855 0451 05       		.byte	0x5
 856 0452 A9       		.byte	0xa9
 857 0453 B5000000 		.4byte	0xb5
 858 0457 05       		.uleb128 0x5
 859 0458 03       		.byte	0x3
 860 0459 00000000 		.4byte	EE_cortex_mx_active_tos
 861 045d 11       		.uleb128 0x11
 862 045e D9030000 		.4byte	0x3d9
 863 0462 6D040000 		.4byte	0x46d
 864 0466 14       		.uleb128 0x14
 865 0467 80030000 		.4byte	0x380
 866 046b 03       		.byte	0x3
 867 046c 00       		.byte	0
 868 046d 17       		.uleb128 0x17
 869 046e EE050000 		.4byte	.LASF71
 870 0472 05       		.byte	0x5
 871 0473 E202     		.2byte	0x2e2
 872 0475 7F040000 		.4byte	0x47f
 873 0479 05       		.uleb128 0x5
 874 047a 03       		.byte	0x3
 875 047b 00000000 		.4byte	EE_th_rnact_max
 876 047f 13       		.uleb128 0x13
 877 0480 5D040000 		.4byte	0x45d
 878 0484 17       		.uleb128 0x17
 879 0485 CD060000 		.4byte	.LASF72
 880 0489 05       		.byte	0x5
 881 048a 0C01     		.2byte	0x10c
 882 048c 96040000 		.4byte	0x496
 883 0490 05       		.uleb128 0x5
 884 0491 03       		.byte	0x3
ARM GAS  C:\Users\MATEOC~1.QUE\AppData\Local\Temp\ccDyuKvo.s 			page 17


 885 0492 00000000 		.4byte	EE_th_ready_prio
 886 0496 13       		.uleb128 0x13
 887 0497 5D040000 		.4byte	0x45d
 888 049b 17       		.uleb128 0x17
 889 049c E0020000 		.4byte	.LASF73
 890 04a0 05       		.byte	0x5
 891 04a1 4502     		.2byte	0x245
 892 04a3 AD040000 		.4byte	0x4ad
 893 04a7 05       		.uleb128 0x5
 894 04a8 03       		.byte	0x3
 895 04a9 00000000 		.4byte	EE_th_dispatch_prio
 896 04ad 13       		.uleb128 0x13
 897 04ae 5D040000 		.4byte	0x45d
 898 04b2 11       		.uleb128 0x11
 899 04b3 C2040000 		.4byte	0x4c2
 900 04b7 C2040000 		.4byte	0x4c2
 901 04bb 14       		.uleb128 0x14
 902 04bc 80030000 		.4byte	0x380
 903 04c0 03       		.byte	0x3
 904 04c1 00       		.byte	0
 905 04c2 06       		.uleb128 0x6
 906 04c3 04       		.byte	0x4
 907 04c4 CF040000 		.4byte	0x4cf
 908 04c8 02       		.uleb128 0x2
 909 04c9 01       		.byte	0x1
 910 04ca 08       		.byte	0x8
 911 04cb DA050000 		.4byte	.LASF74
 912 04cf 13       		.uleb128 0x13
 913 04d0 C8040000 		.4byte	0x4c8
 914 04d4 17       		.uleb128 0x17
 915 04d5 B1040000 		.4byte	.LASF75
 916 04d9 05       		.byte	0x5
 917 04da 2801     		.2byte	0x128
 918 04dc B2040000 		.4byte	0x4b2
 919 04e0 05       		.uleb128 0x5
 920 04e1 03       		.byte	0x3
 921 04e2 00000000 		.4byte	EE_TASK_NAME
 922 04e6 11       		.uleb128 0x11
 923 04e7 C2040000 		.4byte	0x4c2
 924 04eb F6040000 		.4byte	0x4f6
 925 04ef 14       		.uleb128 0x14
 926 04f0 80030000 		.4byte	0x380
 927 04f4 01       		.byte	0x1
 928 04f5 00       		.byte	0
 929 04f6 17       		.uleb128 0x17
 930 04f7 40010000 		.4byte	.LASF76
 931 04fb 05       		.byte	0x5
 932 04fc 8101     		.2byte	0x181
 933 04fe E6040000 		.4byte	0x4e6
 934 0502 05       		.uleb128 0x5
 935 0503 03       		.byte	0x3
 936 0504 00000000 		.4byte	EE_EVENT_NAME
 937 0508 11       		.uleb128 0x11
 938 0509 C2040000 		.4byte	0x4c2
 939 050d 18050000 		.4byte	0x518
 940 0511 14       		.uleb128 0x14
 941 0512 80030000 		.4byte	0x380
ARM GAS  C:\Users\MATEOC~1.QUE\AppData\Local\Temp\ccDyuKvo.s 			page 18


 942 0516 00       		.byte	0
 943 0517 00       		.byte	0
 944 0518 17       		.uleb128 0x17
 945 0519 23020000 		.4byte	.LASF77
 946 051d 05       		.byte	0x5
 947 051e 3D06     		.2byte	0x63d
 948 0520 08050000 		.4byte	0x508
 949 0524 05       		.uleb128 0x5
 950 0525 03       		.byte	0x3
 951 0526 00000000 		.4byte	EE_ALARM_NAME
 952 052a 11       		.uleb128 0x11
 953 052b 3A050000 		.4byte	0x53a
 954 052f 3A050000 		.4byte	0x53a
 955 0533 14       		.uleb128 0x14
 956 0534 80030000 		.4byte	0x380
 957 0538 01       		.byte	0x1
 958 0539 00       		.byte	0
 959 053a 13       		.uleb128 0x13
 960 053b 40000000 		.4byte	0x40
 961 053f 17       		.uleb128 0x17
 962 0540 8A010000 		.4byte	.LASF78
 963 0544 05       		.byte	0x5
 964 0545 E201     		.2byte	0x1e2
 965 0547 51050000 		.4byte	0x551
 966 054b 05       		.uleb128 0x5
 967 054c 03       		.byte	0x3
 968 054d 00000000 		.4byte	EE_EVENT_ID
 969 0551 13       		.uleb128 0x13
 970 0552 2A050000 		.4byte	0x52a
 971 0556 11       		.uleb128 0x11
 972 0557 3A050000 		.4byte	0x53a
 973 055b 66050000 		.4byte	0x566
 974 055f 14       		.uleb128 0x14
 975 0560 80030000 		.4byte	0x380
 976 0564 00       		.byte	0
 977 0565 00       		.byte	0
 978 0566 17       		.uleb128 0x17
 979 0567 F5000000 		.4byte	.LASF79
 980 056b 05       		.byte	0x5
 981 056c 5906     		.2byte	0x659
 982 056e 78050000 		.4byte	0x578
 983 0572 05       		.uleb128 0x5
 984 0573 03       		.byte	0x3
 985 0574 00000000 		.4byte	EE_ALARM_ID
 986 0578 13       		.uleb128 0x13
 987 0579 56050000 		.4byte	0x556
 988 057d 11       		.uleb128 0x11
 989 057e B5000000 		.4byte	0xb5
 990 0582 8D050000 		.4byte	0x58d
 991 0586 14       		.uleb128 0x14
 992 0587 80030000 		.4byte	0x380
 993 058b 03       		.byte	0x3
 994 058c 00       		.byte	0
 995 058d 17       		.uleb128 0x17
 996 058e BD020000 		.4byte	.LASF80
 997 0592 05       		.byte	0x5
 998 0593 8102     		.2byte	0x281
ARM GAS  C:\Users\MATEOC~1.QUE\AppData\Local\Temp\ccDyuKvo.s 			page 19


 999 0595 7D050000 		.4byte	0x57d
 1000 0599 05       		.uleb128 0x5
 1001 059a 03       		.byte	0x3
 1002 059b 00000000 		.4byte	EE_th_status
 1003 059f 11       		.uleb128 0x11
 1004 05a0 E1000000 		.4byte	0xe1
 1005 05a4 AF050000 		.4byte	0x5af
 1006 05a8 14       		.uleb128 0x14
 1007 05a9 80030000 		.4byte	0x380
 1008 05ad 03       		.byte	0x3
 1009 05ae 00       		.byte	0
 1010 05af 17       		.uleb128 0x17
 1011 05b0 4F040000 		.4byte	.LASF81
 1012 05b4 05       		.byte	0x5
 1013 05b5 9D02     		.2byte	0x29d
 1014 05b7 9F050000 		.4byte	0x59f
 1015 05bb 05       		.uleb128 0x5
 1016 05bc 03       		.byte	0x3
 1017 05bd 00000000 		.4byte	EE_th_next
 1018 05c1 17       		.uleb128 0x17
 1019 05c2 DE060000 		.4byte	.LASF82
 1020 05c6 05       		.byte	0x5
 1021 05c7 C702     		.2byte	0x2c7
 1022 05c9 7D050000 		.4byte	0x57d
 1023 05cd 05       		.uleb128 0x5
 1024 05ce 03       		.byte	0x3
 1025 05cf 00000000 		.4byte	EE_th_rnact
 1026 05d3 17       		.uleb128 0x17
 1027 05d4 05000000 		.4byte	.LASF83
 1028 05d8 05       		.byte	0x5
 1029 05d9 7703     		.2byte	0x377
 1030 05db 9F050000 		.4byte	0x59f
 1031 05df 05       		.uleb128 0x5
 1032 05e0 03       		.byte	0x3
 1033 05e1 00000000 		.4byte	EE_th_terminate_nextask
 1034 05e5 17       		.uleb128 0x17
 1035 05e6 26000000 		.4byte	.LASF84
 1036 05ea 05       		.byte	0x5
 1037 05eb B902     		.2byte	0x2b9
 1038 05ed E1000000 		.4byte	0xe1
 1039 05f1 05       		.uleb128 0x5
 1040 05f2 03       		.byte	0x3
 1041 05f3 00000000 		.4byte	EE_stkfirst
 1042 05f7 17       		.uleb128 0x17
 1043 05f8 4A060000 		.4byte	.LASF85
 1044 05fc 05       		.byte	0x5
 1045 05fd BC02     		.2byte	0x2bc
 1046 05ff B5000000 		.4byte	0xb5
 1047 0603 05       		.uleb128 0x5
 1048 0604 03       		.byte	0x3
 1049 0605 00000000 		.4byte	EE_sys_ceiling
 1050 0609 17       		.uleb128 0x17
 1051 060a 9D030000 		.4byte	.LASF86
 1052 060e 05       		.byte	0x5
 1053 060f FD02     		.2byte	0x2fd
 1054 0611 7D050000 		.4byte	0x57d
 1055 0615 05       		.uleb128 0x5
ARM GAS  C:\Users\MATEOC~1.QUE\AppData\Local\Temp\ccDyuKvo.s 			page 20


 1056 0616 03       		.byte	0x3
 1057 0617 00000000 		.4byte	EE_rq_link
 1058 061b 11       		.uleb128 0x11
 1059 061c C0000000 		.4byte	0xc0
 1060 0620 2B060000 		.4byte	0x62b
 1061 0624 14       		.uleb128 0x14
 1062 0625 80030000 		.4byte	0x380
 1063 0629 0F       		.byte	0xf
 1064 062a 00       		.byte	0
 1065 062b 17       		.uleb128 0x17
 1066 062c 9F010000 		.4byte	.LASF87
 1067 0630 05       		.byte	0x5
 1068 0631 BF02     		.2byte	0x2bf
 1069 0633 1B060000 		.4byte	0x61b
 1070 0637 05       		.uleb128 0x5
 1071 0638 03       		.byte	0x3
 1072 0639 00000000 		.4byte	EE_rq_queues_head
 1073 063d 17       		.uleb128 0x17
 1074 063e 7D050000 		.4byte	.LASF88
 1075 0642 05       		.byte	0x5
 1076 0643 C102     		.2byte	0x2c1
 1077 0645 1B060000 		.4byte	0x61b
 1078 0649 05       		.uleb128 0x5
 1079 064a 03       		.byte	0x3
 1080 064b 00000000 		.4byte	EE_rq_queues_tail
 1081 064f 11       		.uleb128 0x11
 1082 0650 C0000000 		.4byte	0xc0
 1083 0654 5F060000 		.4byte	0x65f
 1084 0658 14       		.uleb128 0x14
 1085 0659 80030000 		.4byte	0x380
 1086 065d 03       		.byte	0x3
 1087 065e 00       		.byte	0
 1088 065f 17       		.uleb128 0x17
 1089 0660 99000000 		.4byte	.LASF89
 1090 0664 05       		.byte	0x5
 1091 0665 1B03     		.2byte	0x31b
 1092 0667 4F060000 		.4byte	0x64f
 1093 066b 05       		.uleb128 0x5
 1094 066c 03       		.byte	0x3
 1095 066d 00000000 		.4byte	EE_rq_pairs_next
 1096 0671 17       		.uleb128 0x17
 1097 0672 EA060000 		.4byte	.LASF90
 1098 0676 05       		.byte	0x5
 1099 0677 7003     		.2byte	0x370
 1100 0679 9F050000 		.4byte	0x59f
 1101 067d 05       		.uleb128 0x5
 1102 067e 03       		.byte	0x3
 1103 067f 00000000 		.4byte	EE_rq_pairs_tid
 1104 0683 17       		.uleb128 0x17
 1105 0684 B4050000 		.4byte	.LASF91
 1106 0688 05       		.byte	0x5
 1107 0689 C402     		.2byte	0x2c4
 1108 068b 05010000 		.4byte	0x105
 1109 068f 05       		.uleb128 0x5
 1110 0690 03       		.byte	0x3
 1111 0691 00000000 		.4byte	EE_rq_bitmask
 1112 0695 17       		.uleb128 0x17
ARM GAS  C:\Users\MATEOC~1.QUE\AppData\Local\Temp\ccDyuKvo.s 			page 21


 1113 0696 92030000 		.4byte	.LASF92
 1114 069a 05       		.byte	0x5
 1115 069b 7303     		.2byte	0x373
 1116 069d C0000000 		.4byte	0xc0
 1117 06a1 05       		.uleb128 0x5
 1118 06a2 03       		.byte	0x3
 1119 06a3 00000000 		.4byte	EE_rq_free
 1120 06a7 17       		.uleb128 0x17
 1121 06a8 5D070000 		.4byte	.LASF93
 1122 06ac 05       		.byte	0x5
 1123 06ad 9A03     		.2byte	0x39a
 1124 06af 7D050000 		.4byte	0x57d
 1125 06b3 05       		.uleb128 0x5
 1126 06b4 03       		.byte	0x3
 1127 06b5 00000000 		.4byte	EE_th_event_active
 1128 06b9 17       		.uleb128 0x17
 1129 06ba 87040000 		.4byte	.LASF94
 1130 06be 05       		.byte	0x5
 1131 06bf B603     		.2byte	0x3b6
 1132 06c1 7D050000 		.4byte	0x57d
 1133 06c5 05       		.uleb128 0x5
 1134 06c6 03       		.byte	0x3
 1135 06c7 00000000 		.4byte	EE_th_event_waitmask
 1136 06cb 11       		.uleb128 0x11
 1137 06cc D6000000 		.4byte	0xd6
 1138 06d0 DB060000 		.4byte	0x6db
 1139 06d4 14       		.uleb128 0x14
 1140 06d5 80030000 		.4byte	0x380
 1141 06d9 03       		.byte	0x3
 1142 06da 00       		.byte	0
 1143 06db 17       		.uleb128 0x17
 1144 06dc 43020000 		.4byte	.LASF95
 1145 06e0 05       		.byte	0x5
 1146 06e1 D203     		.2byte	0x3d2
 1147 06e3 CB060000 		.4byte	0x6cb
 1148 06e7 05       		.uleb128 0x5
 1149 06e8 03       		.byte	0x3
 1150 06e9 00000000 		.4byte	EE_th_waswaiting
 1151 06ed 17       		.uleb128 0x17
 1152 06ee 95070000 		.4byte	.LASF96
 1153 06f2 05       		.byte	0x5
 1154 06f3 EE03     		.2byte	0x3ee
 1155 06f5 FF060000 		.4byte	0x6ff
 1156 06f9 05       		.uleb128 0x5
 1157 06fa 03       		.byte	0x3
 1158 06fb 00000000 		.4byte	EE_th_is_extended
 1159 06ff 13       		.uleb128 0x13
 1160 0700 5D040000 		.4byte	0x45d
 1161 0704 11       		.uleb128 0x11
 1162 0705 14070000 		.4byte	0x714
 1163 0709 14070000 		.4byte	0x714
 1164 070d 14       		.uleb128 0x14
 1165 070e 80030000 		.4byte	0x380
 1166 0712 00       		.byte	0
 1167 0713 00       		.byte	0
 1168 0714 13       		.uleb128 0x13
 1169 0715 8A010000 		.4byte	0x18a
ARM GAS  C:\Users\MATEOC~1.QUE\AppData\Local\Temp\ccDyuKvo.s 			page 22


 1170 0719 17       		.uleb128 0x17
 1171 071a E0030000 		.4byte	.LASF97
 1172 071e 05       		.byte	0x5
 1173 071f FF05     		.2byte	0x5ff
 1174 0721 2B070000 		.4byte	0x72b
 1175 0725 05       		.uleb128 0x5
 1176 0726 03       		.byte	0x3
 1177 0727 00000000 		.4byte	EE_counter_ROM
 1178 072b 13       		.uleb128 0x13
 1179 072c 04070000 		.4byte	0x704
 1180 0730 11       		.uleb128 0x11
 1181 0731 40070000 		.4byte	0x740
 1182 0735 40070000 		.4byte	0x740
 1183 0739 14       		.uleb128 0x14
 1184 073a 80030000 		.4byte	0x380
 1185 073e 00       		.byte	0
 1186 073f 00       		.byte	0
 1187 0740 13       		.uleb128 0x13
 1188 0741 27020000 		.4byte	0x227
 1189 0745 17       		.uleb128 0x17
 1190 0746 26030000 		.4byte	.LASF98
 1191 074a 05       		.byte	0x5
 1192 074b 9606     		.2byte	0x696
 1193 074d 57070000 		.4byte	0x757
 1194 0751 05       		.uleb128 0x5
 1195 0752 03       		.byte	0x3
 1196 0753 00000000 		.4byte	EE_oo_counter_object_ROM
 1197 0757 13       		.uleb128 0x13
 1198 0758 30070000 		.4byte	0x730
 1199 075c 11       		.uleb128 0x11
 1200 075d 6C070000 		.4byte	0x76c
 1201 0761 6C070000 		.4byte	0x76c
 1202 0765 14       		.uleb128 0x14
 1203 0766 80030000 		.4byte	0x380
 1204 076a 00       		.byte	0
 1205 076b 00       		.byte	0
 1206 076c 13       		.uleb128 0x13
 1207 076d 04030000 		.4byte	0x304
 1208 0771 17       		.uleb128 0x17
 1209 0772 5C030000 		.4byte	.LASF99
 1210 0776 05       		.byte	0x5
 1211 0777 BA06     		.2byte	0x6ba
 1212 0779 83070000 		.4byte	0x783
 1213 077d 05       		.uleb128 0x5
 1214 077e 03       		.byte	0x3
 1215 077f 00000000 		.4byte	EE_oo_action_ROM
 1216 0783 13       		.uleb128 0x13
 1217 0784 5C070000 		.4byte	0x75c
 1218 0788 11       		.uleb128 0x11
 1219 0789 98070000 		.4byte	0x798
 1220 078d 98070000 		.4byte	0x798
 1221 0791 14       		.uleb128 0x14
 1222 0792 80030000 		.4byte	0x380
 1223 0796 00       		.byte	0
 1224 0797 00       		.byte	0
 1225 0798 13       		.uleb128 0x13
 1226 0799 27030000 		.4byte	0x327
ARM GAS  C:\Users\MATEOC~1.QUE\AppData\Local\Temp\ccDyuKvo.s 			page 23


 1227 079d 17       		.uleb128 0x17
 1228 079e 4E010000 		.4byte	.LASF100
 1229 07a2 05       		.byte	0x5
 1230 07a3 2006     		.2byte	0x620
 1231 07a5 AF070000 		.4byte	0x7af
 1232 07a9 05       		.uleb128 0x5
 1233 07aa 03       		.byte	0x3
 1234 07ab 00000000 		.4byte	EE_alarm_ROM
 1235 07af 13       		.uleb128 0x13
 1236 07b0 88070000 		.4byte	0x788
 1237 07b4 11       		.uleb128 0x11
 1238 07b5 BA010000 		.4byte	0x1ba
 1239 07b9 C4070000 		.4byte	0x7c4
 1240 07bd 14       		.uleb128 0x14
 1241 07be 80030000 		.4byte	0x380
 1242 07c2 00       		.byte	0
 1243 07c3 00       		.byte	0
 1244 07c4 17       		.uleb128 0x17
 1245 07c5 10060000 		.4byte	.LASF101
 1246 07c9 05       		.byte	0x5
 1247 07ca 0C06     		.2byte	0x60c
 1248 07cc B4070000 		.4byte	0x7b4
 1249 07d0 05       		.uleb128 0x5
 1250 07d1 03       		.byte	0x3
 1251 07d2 00000000 		.4byte	EE_counter_RAM
 1252 07d6 11       		.uleb128 0x11
 1253 07d7 71020000 		.4byte	0x271
 1254 07db E6070000 		.4byte	0x7e6
 1255 07df 14       		.uleb128 0x14
 1256 07e0 80030000 		.4byte	0x380
 1257 07e4 00       		.byte	0
 1258 07e5 00       		.byte	0
 1259 07e6 17       		.uleb128 0x17
 1260 07e7 A5060000 		.4byte	.LASF102
 1261 07eb 05       		.byte	0x5
 1262 07ec B106     		.2byte	0x6b1
 1263 07ee D6070000 		.4byte	0x7d6
 1264 07f2 05       		.uleb128 0x5
 1265 07f3 03       		.byte	0x3
 1266 07f4 00000000 		.4byte	EE_oo_counter_object_RAM
 1267 07f8 11       		.uleb128 0x11
 1268 07f9 08080000 		.4byte	0x808
 1269 07fd 08080000 		.4byte	0x808
 1270 0801 14       		.uleb128 0x14
 1271 0802 80030000 		.4byte	0x380
 1272 0806 00       		.byte	0
 1273 0807 00       		.byte	0
 1274 0808 13       		.uleb128 0x13
 1275 0809 33030000 		.4byte	0x333
 1276 080d 17       		.uleb128 0x17
 1277 080e AF070000 		.4byte	.LASF103
 1278 0812 05       		.byte	0x5
 1279 0813 9607     		.2byte	0x796
 1280 0815 1F080000 		.4byte	0x81f
 1281 0819 05       		.uleb128 0x5
 1282 081a 03       		.byte	0x3
 1283 081b 00000000 		.4byte	EE_oo_autostart_task_data
ARM GAS  C:\Users\MATEOC~1.QUE\AppData\Local\Temp\ccDyuKvo.s 			page 24


 1284 081f 13       		.uleb128 0x13
 1285 0820 F8070000 		.4byte	0x7f8
 1286 0824 18       		.uleb128 0x18
 1287 0825 86020000 		.4byte	.LASF104
 1288 0829 06       		.byte	0x6
 1289 082a 40       		.byte	0x40
 1290 082b B5000000 		.4byte	0xb5
 1291 082f 18       		.uleb128 0x18
 1292 0830 B1010000 		.4byte	.LASF105
 1293 0834 06       		.byte	0x6
 1294 0835 47       		.byte	0x47
 1295 0836 CB000000 		.4byte	0xcb
 1296 083a 17       		.uleb128 0x17
 1297 083b 49030000 		.4byte	.LASF106
 1298 083f 05       		.byte	0x5
 1299 0840 5C07     		.2byte	0x75c
 1300 0842 B5000000 		.4byte	0xb5
 1301 0846 05       		.uleb128 0x5
 1302 0847 03       		.byte	0x3
 1303 0848 00000000 		.4byte	EE_ApplicationMode
 1304 084c 18       		.uleb128 0x18
 1305 084d CA010000 		.4byte	.LASF107
 1306 0851 07       		.byte	0x7
 1307 0852 48       		.byte	0x48
 1308 0853 E1000000 		.4byte	0xe1
 1309 0857 18       		.uleb128 0x18
 1310 0858 FA060000 		.4byte	.LASF108
 1311 085c 08       		.byte	0x8
 1312 085d 44       		.byte	0x44
 1313 085e B5000000 		.4byte	0xb5
 1314 0862 16       		.uleb128 0x16
 1315 0863 49000000 		.4byte	.LASF109
 1316 0867 05       		.byte	0x5
 1317 0868 AD       		.byte	0xad
 1318 0869 EC000000 		.4byte	0xec
 1319 086d 05       		.uleb128 0x5
 1320 086e 03       		.byte	0x3
 1321 086f 00000000 		.4byte	EE_cortex_mx_IRQ_tos
 1322 0873 11       		.uleb128 0x11
 1323 0874 55000000 		.4byte	0x55
 1324 0878 83080000 		.4byte	0x883
 1325 087c 14       		.uleb128 0x14
 1326 087d 80030000 		.4byte	0x380
 1327 0881 31       		.byte	0x31
 1328 0882 00       		.byte	0
 1329 0883 16       		.uleb128 0x16
 1330 0884 9C040000 		.4byte	.LASF110
 1331 0888 05       		.byte	0x5
 1332 0889 19       		.byte	0x19
 1333 088a 73080000 		.4byte	0x873
 1334 088e 05       		.uleb128 0x5
 1335 088f 03       		.byte	0x3
 1336 0890 00000000 		.4byte	EE_cortex_mx_stack_3
 1337 0894 11       		.uleb128 0x11
 1338 0895 55000000 		.4byte	0x55
 1339 0899 A4080000 		.4byte	0x8a4
 1340 089d 14       		.uleb128 0x14
ARM GAS  C:\Users\MATEOC~1.QUE\AppData\Local\Temp\ccDyuKvo.s 			page 25


 1341 089e 80030000 		.4byte	0x380
 1342 08a2 7F       		.byte	0x7f
 1343 08a3 00       		.byte	0
 1344 08a4 16       		.uleb128 0x16
 1345 08a5 F4020000 		.4byte	.LASF111
 1346 08a9 05       		.byte	0x5
 1347 08aa 32       		.byte	0x32
 1348 08ab 94080000 		.4byte	0x894
 1349 08af 05       		.uleb128 0x5
 1350 08b0 03       		.byte	0x3
 1351 08b1 00000000 		.4byte	EE_cortex_mx_stack_9
 1352 08b5 00       		.byte	0
 1353              		.section	.debug_abbrev,"",%progbits
 1354              	.Ldebug_abbrev0:
 1355 0000 01       		.uleb128 0x1
 1356 0001 11       		.uleb128 0x11
 1357 0002 01       		.byte	0x1
 1358 0003 25       		.uleb128 0x25
 1359 0004 0E       		.uleb128 0xe
 1360 0005 13       		.uleb128 0x13
 1361 0006 0B       		.uleb128 0xb
 1362 0007 03       		.uleb128 0x3
 1363 0008 0E       		.uleb128 0xe
 1364 0009 1B       		.uleb128 0x1b
 1365 000a 0E       		.uleb128 0xe
 1366 000b 10       		.uleb128 0x10
 1367 000c 17       		.uleb128 0x17
 1368 000d 00       		.byte	0
 1369 000e 00       		.byte	0
 1370 000f 02       		.uleb128 0x2
 1371 0010 24       		.uleb128 0x24
 1372 0011 00       		.byte	0
 1373 0012 0B       		.uleb128 0xb
 1374 0013 0B       		.uleb128 0xb
 1375 0014 3E       		.uleb128 0x3e
 1376 0015 0B       		.uleb128 0xb
 1377 0016 03       		.uleb128 0x3
 1378 0017 0E       		.uleb128 0xe
 1379 0018 00       		.byte	0
 1380 0019 00       		.byte	0
 1381 001a 03       		.uleb128 0x3
 1382 001b 24       		.uleb128 0x24
 1383 001c 00       		.byte	0
 1384 001d 0B       		.uleb128 0xb
 1385 001e 0B       		.uleb128 0xb
 1386 001f 3E       		.uleb128 0x3e
 1387 0020 0B       		.uleb128 0xb
 1388 0021 03       		.uleb128 0x3
 1389 0022 08       		.uleb128 0x8
 1390 0023 00       		.byte	0
 1391 0024 00       		.byte	0
 1392 0025 04       		.uleb128 0x4
 1393 0026 16       		.uleb128 0x16
 1394 0027 00       		.byte	0
 1395 0028 03       		.uleb128 0x3
 1396 0029 0E       		.uleb128 0xe
 1397 002a 3A       		.uleb128 0x3a
ARM GAS  C:\Users\MATEOC~1.QUE\AppData\Local\Temp\ccDyuKvo.s 			page 26


 1398 002b 0B       		.uleb128 0xb
 1399 002c 3B       		.uleb128 0x3b
 1400 002d 0B       		.uleb128 0xb
 1401 002e 49       		.uleb128 0x49
 1402 002f 13       		.uleb128 0x13
 1403 0030 00       		.byte	0
 1404 0031 00       		.byte	0
 1405 0032 05       		.uleb128 0x5
 1406 0033 0F       		.uleb128 0xf
 1407 0034 00       		.byte	0
 1408 0035 0B       		.uleb128 0xb
 1409 0036 0B       		.uleb128 0xb
 1410 0037 00       		.byte	0
 1411 0038 00       		.byte	0
 1412 0039 06       		.uleb128 0x6
 1413 003a 0F       		.uleb128 0xf
 1414 003b 00       		.byte	0
 1415 003c 0B       		.uleb128 0xb
 1416 003d 0B       		.uleb128 0xb
 1417 003e 49       		.uleb128 0x49
 1418 003f 13       		.uleb128 0x13
 1419 0040 00       		.byte	0
 1420 0041 00       		.byte	0
 1421 0042 07       		.uleb128 0x7
 1422 0043 15       		.uleb128 0x15
 1423 0044 00       		.byte	0
 1424 0045 27       		.uleb128 0x27
 1425 0046 19       		.uleb128 0x19
 1426 0047 00       		.byte	0
 1427 0048 00       		.byte	0
 1428 0049 08       		.uleb128 0x8
 1429 004a 13       		.uleb128 0x13
 1430 004b 01       		.byte	0x1
 1431 004c 03       		.uleb128 0x3
 1432 004d 0E       		.uleb128 0xe
 1433 004e 0B       		.uleb128 0xb
 1434 004f 0B       		.uleb128 0xb
 1435 0050 3A       		.uleb128 0x3a
 1436 0051 0B       		.uleb128 0xb
 1437 0052 3B       		.uleb128 0x3b
 1438 0053 0B       		.uleb128 0xb
 1439 0054 01       		.uleb128 0x1
 1440 0055 13       		.uleb128 0x13
 1441 0056 00       		.byte	0
 1442 0057 00       		.byte	0
 1443 0058 09       		.uleb128 0x9
 1444 0059 0D       		.uleb128 0xd
 1445 005a 00       		.byte	0
 1446 005b 03       		.uleb128 0x3
 1447 005c 0E       		.uleb128 0xe
 1448 005d 3A       		.uleb128 0x3a
 1449 005e 0B       		.uleb128 0xb
 1450 005f 3B       		.uleb128 0x3b
 1451 0060 0B       		.uleb128 0xb
 1452 0061 49       		.uleb128 0x49
 1453 0062 13       		.uleb128 0x13
 1454 0063 38       		.uleb128 0x38
ARM GAS  C:\Users\MATEOC~1.QUE\AppData\Local\Temp\ccDyuKvo.s 			page 27


 1455 0064 0B       		.uleb128 0xb
 1456 0065 00       		.byte	0
 1457 0066 00       		.byte	0
 1458 0067 0A       		.uleb128 0xa
 1459 0068 16       		.uleb128 0x16
 1460 0069 00       		.byte	0
 1461 006a 03       		.uleb128 0x3
 1462 006b 0E       		.uleb128 0xe
 1463 006c 3A       		.uleb128 0x3a
 1464 006d 0B       		.uleb128 0xb
 1465 006e 3B       		.uleb128 0x3b
 1466 006f 05       		.uleb128 0x5
 1467 0070 49       		.uleb128 0x49
 1468 0071 13       		.uleb128 0x13
 1469 0072 00       		.byte	0
 1470 0073 00       		.byte	0
 1471 0074 0B       		.uleb128 0xb
 1472 0075 13       		.uleb128 0x13
 1473 0076 01       		.byte	0x1
 1474 0077 0B       		.uleb128 0xb
 1475 0078 0B       		.uleb128 0xb
 1476 0079 3A       		.uleb128 0x3a
 1477 007a 0B       		.uleb128 0xb
 1478 007b 3B       		.uleb128 0x3b
 1479 007c 05       		.uleb128 0x5
 1480 007d 01       		.uleb128 0x1
 1481 007e 13       		.uleb128 0x13
 1482 007f 00       		.byte	0
 1483 0080 00       		.byte	0
 1484 0081 0C       		.uleb128 0xc
 1485 0082 0D       		.uleb128 0xd
 1486 0083 00       		.byte	0
 1487 0084 03       		.uleb128 0x3
 1488 0085 0E       		.uleb128 0xe
 1489 0086 3A       		.uleb128 0x3a
 1490 0087 0B       		.uleb128 0xb
 1491 0088 3B       		.uleb128 0x3b
 1492 0089 05       		.uleb128 0x5
 1493 008a 49       		.uleb128 0x49
 1494 008b 13       		.uleb128 0x13
 1495 008c 38       		.uleb128 0x38
 1496 008d 0B       		.uleb128 0xb
 1497 008e 00       		.byte	0
 1498 008f 00       		.byte	0
 1499 0090 0D       		.uleb128 0xd
 1500 0091 04       		.uleb128 0x4
 1501 0092 01       		.byte	0x1
 1502 0093 0B       		.uleb128 0xb
 1503 0094 0B       		.uleb128 0xb
 1504 0095 49       		.uleb128 0x49
 1505 0096 13       		.uleb128 0x13
 1506 0097 3A       		.uleb128 0x3a
 1507 0098 0B       		.uleb128 0xb
 1508 0099 3B       		.uleb128 0x3b
 1509 009a 05       		.uleb128 0x5
 1510 009b 01       		.uleb128 0x1
 1511 009c 13       		.uleb128 0x13
ARM GAS  C:\Users\MATEOC~1.QUE\AppData\Local\Temp\ccDyuKvo.s 			page 28


 1512 009d 00       		.byte	0
 1513 009e 00       		.byte	0
 1514 009f 0E       		.uleb128 0xe
 1515 00a0 28       		.uleb128 0x28
 1516 00a1 00       		.byte	0
 1517 00a2 03       		.uleb128 0x3
 1518 00a3 0E       		.uleb128 0xe
 1519 00a4 1C       		.uleb128 0x1c
 1520 00a5 0B       		.uleb128 0xb
 1521 00a6 00       		.byte	0
 1522 00a7 00       		.byte	0
 1523 00a8 0F       		.uleb128 0xf
 1524 00a9 0D       		.uleb128 0xd
 1525 00aa 00       		.byte	0
 1526 00ab 03       		.uleb128 0x3
 1527 00ac 08       		.uleb128 0x8
 1528 00ad 3A       		.uleb128 0x3a
 1529 00ae 0B       		.uleb128 0xb
 1530 00af 3B       		.uleb128 0x3b
 1531 00b0 05       		.uleb128 0x5
 1532 00b1 49       		.uleb128 0x49
 1533 00b2 13       		.uleb128 0x13
 1534 00b3 38       		.uleb128 0x38
 1535 00b4 0B       		.uleb128 0xb
 1536 00b5 00       		.byte	0
 1537 00b6 00       		.byte	0
 1538 00b7 10       		.uleb128 0x10
 1539 00b8 13       		.uleb128 0x13
 1540 00b9 01       		.byte	0x1
 1541 00ba 03       		.uleb128 0x3
 1542 00bb 0E       		.uleb128 0xe
 1543 00bc 0B       		.uleb128 0xb
 1544 00bd 0B       		.uleb128 0xb
 1545 00be 3A       		.uleb128 0x3a
 1546 00bf 0B       		.uleb128 0xb
 1547 00c0 3B       		.uleb128 0x3b
 1548 00c1 05       		.uleb128 0x5
 1549 00c2 01       		.uleb128 0x1
 1550 00c3 13       		.uleb128 0x13
 1551 00c4 00       		.byte	0
 1552 00c5 00       		.byte	0
 1553 00c6 11       		.uleb128 0x11
 1554 00c7 01       		.uleb128 0x1
 1555 00c8 01       		.byte	0x1
 1556 00c9 49       		.uleb128 0x49
 1557 00ca 13       		.uleb128 0x13
 1558 00cb 01       		.uleb128 0x1
 1559 00cc 13       		.uleb128 0x13
 1560 00cd 00       		.byte	0
 1561 00ce 00       		.byte	0
 1562 00cf 12       		.uleb128 0x12
 1563 00d0 21       		.uleb128 0x21
 1564 00d1 00       		.byte	0
 1565 00d2 00       		.byte	0
 1566 00d3 00       		.byte	0
 1567 00d4 13       		.uleb128 0x13
 1568 00d5 26       		.uleb128 0x26
ARM GAS  C:\Users\MATEOC~1.QUE\AppData\Local\Temp\ccDyuKvo.s 			page 29


 1569 00d6 00       		.byte	0
 1570 00d7 49       		.uleb128 0x49
 1571 00d8 13       		.uleb128 0x13
 1572 00d9 00       		.byte	0
 1573 00da 00       		.byte	0
 1574 00db 14       		.uleb128 0x14
 1575 00dc 21       		.uleb128 0x21
 1576 00dd 00       		.byte	0
 1577 00de 49       		.uleb128 0x49
 1578 00df 13       		.uleb128 0x13
 1579 00e0 2F       		.uleb128 0x2f
 1580 00e1 0B       		.uleb128 0xb
 1581 00e2 00       		.byte	0
 1582 00e3 00       		.byte	0
 1583 00e4 15       		.uleb128 0x15
 1584 00e5 34       		.uleb128 0x34
 1585 00e6 00       		.byte	0
 1586 00e7 03       		.uleb128 0x3
 1587 00e8 0E       		.uleb128 0xe
 1588 00e9 3A       		.uleb128 0x3a
 1589 00ea 0B       		.uleb128 0xb
 1590 00eb 3B       		.uleb128 0x3b
 1591 00ec 05       		.uleb128 0x5
 1592 00ed 49       		.uleb128 0x49
 1593 00ee 13       		.uleb128 0x13
 1594 00ef 02       		.uleb128 0x2
 1595 00f0 18       		.uleb128 0x18
 1596 00f1 00       		.byte	0
 1597 00f2 00       		.byte	0
 1598 00f3 16       		.uleb128 0x16
 1599 00f4 34       		.uleb128 0x34
 1600 00f5 00       		.byte	0
 1601 00f6 03       		.uleb128 0x3
 1602 00f7 0E       		.uleb128 0xe
 1603 00f8 3A       		.uleb128 0x3a
 1604 00f9 0B       		.uleb128 0xb
 1605 00fa 3B       		.uleb128 0x3b
 1606 00fb 0B       		.uleb128 0xb
 1607 00fc 49       		.uleb128 0x49
 1608 00fd 13       		.uleb128 0x13
 1609 00fe 3F       		.uleb128 0x3f
 1610 00ff 19       		.uleb128 0x19
 1611 0100 02       		.uleb128 0x2
 1612 0101 18       		.uleb128 0x18
 1613 0102 00       		.byte	0
 1614 0103 00       		.byte	0
 1615 0104 17       		.uleb128 0x17
 1616 0105 34       		.uleb128 0x34
 1617 0106 00       		.byte	0
 1618 0107 03       		.uleb128 0x3
 1619 0108 0E       		.uleb128 0xe
 1620 0109 3A       		.uleb128 0x3a
 1621 010a 0B       		.uleb128 0xb
 1622 010b 3B       		.uleb128 0x3b
 1623 010c 05       		.uleb128 0x5
 1624 010d 49       		.uleb128 0x49
 1625 010e 13       		.uleb128 0x13
ARM GAS  C:\Users\MATEOC~1.QUE\AppData\Local\Temp\ccDyuKvo.s 			page 30


 1626 010f 3F       		.uleb128 0x3f
 1627 0110 19       		.uleb128 0x19
 1628 0111 02       		.uleb128 0x2
 1629 0112 18       		.uleb128 0x18
 1630 0113 00       		.byte	0
 1631 0114 00       		.byte	0
 1632 0115 18       		.uleb128 0x18
 1633 0116 34       		.uleb128 0x34
 1634 0117 00       		.byte	0
 1635 0118 03       		.uleb128 0x3
 1636 0119 0E       		.uleb128 0xe
 1637 011a 3A       		.uleb128 0x3a
 1638 011b 0B       		.uleb128 0xb
 1639 011c 3B       		.uleb128 0x3b
 1640 011d 0B       		.uleb128 0xb
 1641 011e 49       		.uleb128 0x49
 1642 011f 13       		.uleb128 0x13
 1643 0120 3F       		.uleb128 0x3f
 1644 0121 19       		.uleb128 0x19
 1645 0122 3C       		.uleb128 0x3c
 1646 0123 19       		.uleb128 0x19
 1647 0124 00       		.byte	0
 1648 0125 00       		.byte	0
 1649 0126 00       		.byte	0
 1650              		.section	.debug_aranges,"",%progbits
 1651 0000 14000000 		.4byte	0x14
 1652 0004 0200     		.2byte	0x2
 1653 0006 00000000 		.4byte	.Ldebug_info0
 1654 000a 04       		.byte	0x4
 1655 000b 00       		.byte	0
 1656 000c 0000     		.2byte	0
 1657 000e 0000     		.2byte	0
 1658 0010 00000000 		.4byte	0
 1659 0014 00000000 		.4byte	0
 1660              		.section	.debug_line,"",%progbits
 1661              	.Ldebug_line0:
 1662 0000 38010000 		.section	.debug_str,"MS",%progbits,1
 1662      02003201 
 1662      00000201 
 1662      FB0E0D00 
 1662      01010101 
 1663              	.LASF46:
 1664 0000 6E657874 		.ascii	"next\000"
 1664      00
 1665              	.LASF83:
 1666 0005 45455F74 		.ascii	"EE_th_terminate_nextask\000"
 1666      685F7465 
 1666      726D696E 
 1666      6174655F 
 1666      6E657874 
 1667              	.LASF24:
 1668 001d 5469636B 		.ascii	"TickType\000"
 1668      54797065 
 1668      00
 1669              	.LASF84:
 1670 0026 45455F73 		.ascii	"EE_stkfirst\000"
 1670      746B6669 
ARM GAS  C:\Users\MATEOC~1.QUE\AppData\Local\Temp\ccDyuKvo.s 			page 31


 1670      72737400 
 1671              	.LASF26:
 1672 0032 41637469 		.ascii	"ActionType\000"
 1672      6F6E5479 
 1672      706500
 1673              	.LASF19:
 1674 003d 45455F54 		.ascii	"EE_TYPEBOOL\000"
 1674      59504542 
 1674      4F4F4C00 
 1675              	.LASF109:
 1676 0049 45455F63 		.ascii	"EE_cortex_mx_IRQ_tos\000"
 1676      6F727465 
 1676      785F6D78 
 1676      5F495251 
 1676      5F746F73 
 1677              	.LASF7:
 1678 005e 6C6F6E67 		.ascii	"long long unsigned int\000"
 1678      206C6F6E 
 1678      6720756E 
 1678      7369676E 
 1678      65642069 
 1679              	.LASF45:
 1680 0075 64656C74 		.ascii	"delta\000"
 1680      6100
 1681              	.LASF42:
 1682 007b 45455F6F 		.ascii	"EE_oo_counter_object_ROM_type\000"
 1682      6F5F636F 
 1682      756E7465 
 1682      725F6F62 
 1682      6A656374 
 1683              	.LASF89:
 1684 0099 45455F72 		.ascii	"EE_rq_pairs_next\000"
 1684      715F7061 
 1684      6972735F 
 1684      6E657874 
 1684      00
 1685              	.LASF22:
 1686 00aa 5461736B 		.ascii	"TaskType\000"
 1686      54797065 
 1686      00
 1687              	.LASF61:
 1688 00b3 45455F54 		.ascii	"EE_TOS\000"
 1688      4F5300
 1689              	.LASF29:
 1690 00ba 6D617861 		.ascii	"maxallowedvalue\000"
 1690      6C6C6F77 
 1690      65647661 
 1690      6C756500 
 1691              	.LASF115:
 1692 00ca 45455F6F 		.ascii	"EE_oo_autostart_task_mode_OSDEFAULTAPPMODE\000"
 1692      6F5F6175 
 1692      746F7374 
 1692      6172745F 
 1692      7461736B 
 1693              	.LASF79:
 1694 00f5 45455F41 		.ascii	"EE_ALARM_ID\000"
 1694      4C41524D 
ARM GAS  C:\Users\MATEOC~1.QUE\AppData\Local\Temp\ccDyuKvo.s 			page 32


 1694      5F494400 
 1695              	.LASF6:
 1696 0101 6C6F6E67 		.ascii	"long long int\000"
 1696      206C6F6E 
 1696      6720696E 
 1696      7400
 1697              	.LASF0:
 1698 010f 7369676E 		.ascii	"signed char\000"
 1698      65642063 
 1698      68617200 
 1699              	.LASF52:
 1700 011b 45455F6F 		.ascii	"EE_oo_action_kind_type\000"
 1700      6F5F6163 
 1700      74696F6E 
 1700      5F6B696E 
 1700      645F7479 
 1701              	.LASF23:
 1702 0132 4576656E 		.ascii	"EventMaskType\000"
 1702      744D6173 
 1702      6B547970 
 1702      6500
 1703              	.LASF76:
 1704 0140 45455F45 		.ascii	"EE_EVENT_NAME\000"
 1704      56454E54 
 1704      5F4E414D 
 1704      4500
 1705              	.LASF100:
 1706 014e 45455F61 		.ascii	"EE_alarm_ROM\000"
 1706      6C61726D 
 1706      5F524F4D 
 1706      00
 1707              	.LASF70:
 1708 015b 45455F63 		.ascii	"EE_cortex_mx_active_tos\000"
 1708      6F727465 
 1708      785F6D78 
 1708      5F616374 
 1708      6976655F 
 1709              	.LASF35:
 1710 0173 45455F6F 		.ascii	"EE_oo_counter_RAM_type\000"
 1710      6F5F636F 
 1710      756E7465 
 1710      725F5241 
 1710      4D5F7479 
 1711              	.LASF78:
 1712 018a 45455F45 		.ascii	"EE_EVENT_ID\000"
 1712      56454E54 
 1712      5F494400 
 1713              	.LASF4:
 1714 0196 6C6F6E67 		.ascii	"long int\000"
 1714      20696E74 
 1714      00
 1715              	.LASF87:
 1716 019f 45455F72 		.ascii	"EE_rq_queues_head\000"
 1716      715F7175 
 1716      65756573 
 1716      5F686561 
 1716      6400
ARM GAS  C:\Users\MATEOC~1.QUE\AppData\Local\Temp\ccDyuKvo.s 			page 33


 1717              	.LASF105:
 1718 01b1 45455F6F 		.ascii	"EE_oo_IRQ_suspend_status\000"
 1718      6F5F4952 
 1718      515F7375 
 1718      7370656E 
 1718      645F7374 
 1719              	.LASF107:
 1720 01ca 45455F73 		.ascii	"EE_std_endcycle_next_tid\000"
 1720      74645F65 
 1720      6E646379 
 1720      636C655F 
 1720      6E657874 
 1721              	.LASF31:
 1722 01e3 6D696E63 		.ascii	"mincycle\000"
 1722      79636C65 
 1722      00
 1723              	.LASF20:
 1724 01ec 45455F54 		.ascii	"EE_TID\000"
 1724      494400
 1725              	.LASF33:
 1726 01f3 76616C75 		.ascii	"value\000"
 1726      6500
 1727              	.LASF8:
 1728 01f9 756E7369 		.ascii	"unsigned int\000"
 1728      676E6564 
 1728      20696E74 
 1728      00
 1729              	.LASF16:
 1730 0206 45455F55 		.ascii	"EE_UREG\000"
 1730      52454700 
 1731              	.LASF60:
 1732 020e 45455F6F 		.ascii	"EE_oo_alarm_ROM_type\000"
 1732      6F5F616C 
 1732      61726D5F 
 1732      524F4D5F 
 1732      74797065 
 1733              	.LASF77:
 1734 0223 45455F41 		.ascii	"EE_ALARM_NAME\000"
 1734      4C41524D 
 1734      5F4E414D 
 1734      4500
 1735              	.LASF5:
 1736 0231 6C6F6E67 		.ascii	"long unsigned int\000"
 1736      20756E73 
 1736      69676E65 
 1736      6420696E 
 1736      7400
 1737              	.LASF95:
 1738 0243 45455F74 		.ascii	"EE_th_waswaiting\000"
 1738      685F7761 
 1738      73776169 
 1738      74696E67 
 1738      00
 1739              	.LASF62:
 1740 0254 45455F6F 		.ascii	"EE_oo_autostart_task_type\000"
 1740      6F5F6175 
 1740      746F7374 
ARM GAS  C:\Users\MATEOC~1.QUE\AppData\Local\Temp\ccDyuKvo.s 			page 34


 1740      6172745F 
 1740      7461736B 
 1741              	.LASF41:
 1742 026e 6B696E64 		.ascii	"kind\000"
 1742      00
 1743              	.LASF3:
 1744 0273 73686F72 		.ascii	"short unsigned int\000"
 1744      7420756E 
 1744      7369676E 
 1744      65642069 
 1744      6E7400
 1745              	.LASF104:
 1746 0286 45455F6F 		.ascii	"EE_oo_IRQ_disable_count\000"
 1746      6F5F4952 
 1746      515F6469 
 1746      7361626C 
 1746      655F636F 
 1747              	.LASF38:
 1748 029e 45455F6F 		.ascii	"EE_oo_counter_object_kind_type\000"
 1748      6F5F636F 
 1748      756E7465 
 1748      725F6F62 
 1748      6A656374 
 1749              	.LASF80:
 1750 02bd 45455F74 		.ascii	"EE_th_status\000"
 1750      685F7374 
 1750      61747573 
 1750      00
 1751              	.LASF39:
 1752 02ca 436F756E 		.ascii	"CounterObjectKindType\000"
 1752      7465724F 
 1752      626A6563 
 1752      744B696E 
 1752      64547970 
 1753              	.LASF73:
 1754 02e0 45455F74 		.ascii	"EE_th_dispatch_prio\000"
 1754      685F6469 
 1754      73706174 
 1754      63685F70 
 1754      72696F00 
 1755              	.LASF111:
 1756 02f4 45455F63 		.ascii	"EE_cortex_mx_stack_9\000"
 1756      6F727465 
 1756      785F6D78 
 1756      5F737461 
 1756      636B5F39 
 1757              	.LASF14:
 1758 0309 45455F56 		.ascii	"EE_VOID_CALLBACK\000"
 1758      4F49445F 
 1758      43414C4C 
 1758      4241434B 
 1758      00
 1759              	.LASF27:
 1760 031a 436F756E 		.ascii	"CounterType\000"
 1760      74657254 
 1760      79706500 
 1761              	.LASF98:
ARM GAS  C:\Users\MATEOC~1.QUE\AppData\Local\Temp\ccDyuKvo.s 			page 35


 1762 0326 45455F6F 		.ascii	"EE_oo_counter_object_ROM\000"
 1762      6F5F636F 
 1762      756E7465 
 1762      725F6F62 
 1762      6A656374 
 1763              	.LASF59:
 1764 033f 61637469 		.ascii	"action_id\000"
 1764      6F6E5F69 
 1764      6400
 1765              	.LASF106:
 1766 0349 45455F41 		.ascii	"EE_ApplicationMode\000"
 1766      70706C69 
 1766      63617469 
 1766      6F6E4D6F 
 1766      646500
 1767              	.LASF99:
 1768 035c 45455F6F 		.ascii	"EE_oo_action_ROM\000"
 1768      6F5F6163 
 1768      74696F6E 
 1768      5F524F4D 
 1768      00
 1769              	.LASF21:
 1770 036d 45455F54 		.ascii	"EE_TYPE_RQ_MASK\000"
 1770      5950455F 
 1770      52515F4D 
 1770      41534B00 
 1771              	.LASF64:
 1772 037d 73697A65 		.ascii	"sizetype\000"
 1772      74797065 
 1772      00
 1773              	.LASF9:
 1774 0386 6C6F6E67 		.ascii	"long double\000"
 1774      20646F75 
 1774      626C6500 
 1775              	.LASF92:
 1776 0392 45455F72 		.ascii	"EE_rq_free\000"
 1776      715F6672 
 1776      656500
 1777              	.LASF86:
 1778 039d 45455F72 		.ascii	"EE_rq_link\000"
 1778      715F6C69 
 1778      6E6B00
 1779              	.LASF17:
 1780 03a8 45455F53 		.ascii	"EE_SREG\000"
 1780      52454700 
 1781              	.LASF30:
 1782 03b0 7469636B 		.ascii	"ticksperbase\000"
 1782      73706572 
 1782      62617365 
 1782      00
 1783              	.LASF43:
 1784 03bd 75736564 		.ascii	"used\000"
 1784      00
 1785              	.LASF47:
 1786 03c2 45455F6F 		.ascii	"EE_oo_counter_object_RAM_type\000"
 1786      6F5F636F 
 1786      756E7465 
ARM GAS  C:\Users\MATEOC~1.QUE\AppData\Local\Temp\ccDyuKvo.s 			page 36


 1786      725F6F62 
 1786      6A656374 
 1787              	.LASF97:
 1788 03e0 45455F63 		.ascii	"EE_counter_ROM\000"
 1788      6F756E74 
 1788      65725F52 
 1788      4F4D00
 1789              	.LASF58:
 1790 03ef 45455F6F 		.ascii	"EE_oo_action_ROM_type\000"
 1790      6F5F6163 
 1790      74696F6E 
 1790      5F524F4D 
 1790      5F747970 
 1791              	.LASF10:
 1792 0405 45455F55 		.ascii	"EE_UINT16\000"
 1792      494E5431 
 1792      3600
 1793              	.LASF37:
 1794 040f 45455F53 		.ascii	"EE_SCHEDULETABLE\000"
 1794      43484544 
 1794      554C4554 
 1794      41424C45 
 1794      00
 1795              	.LASF69:
 1796 0420 45455F63 		.ascii	"EE_cortex_mx_system_tos\000"
 1796      6F727465 
 1796      785F6D78 
 1796      5F737973 
 1796      74656D5F 
 1797              	.LASF1:
 1798 0438 756E7369 		.ascii	"unsigned char\000"
 1798      676E6564 
 1798      20636861 
 1798      7200
 1799              	.LASF36:
 1800 0446 45455F41 		.ascii	"EE_ALARM\000"
 1800      4C41524D 
 1800      00
 1801              	.LASF81:
 1802 044f 45455F74 		.ascii	"EE_th_next\000"
 1802      685F6E65 
 1802      787400
 1803              	.LASF68:
 1804 045a 45455F74 		.ascii	"EE_terminate_real_th_body\000"
 1804      65726D69 
 1804      6E617465 
 1804      5F726561 
 1804      6C5F7468 
 1805              	.LASF57:
 1806 0474 696E6363 		.ascii	"inccount\000"
 1806      6F756E74 
 1806      00
 1807              	.LASF2:
 1808 047d 73686F72 		.ascii	"short int\000"
 1808      7420696E 
 1808      7400
 1809              	.LASF94:
ARM GAS  C:\Users\MATEOC~1.QUE\AppData\Local\Temp\ccDyuKvo.s 			page 37


 1810 0487 45455F74 		.ascii	"EE_th_event_waitmask\000"
 1810      685F6576 
 1810      656E745F 
 1810      77616974 
 1810      6D61736B 
 1811              	.LASF110:
 1812 049c 45455F63 		.ascii	"EE_cortex_mx_stack_3\000"
 1812      6F727465 
 1812      785F6D78 
 1812      5F737461 
 1812      636B5F33 
 1813              	.LASF75:
 1814 04b1 45455F54 		.ascii	"EE_TASK_NAME\000"
 1814      41534B5F 
 1814      4E414D45 
 1814      00
 1815              	.LASF32:
 1816 04be 45455F6F 		.ascii	"EE_oo_counter_ROM_type\000"
 1816      6F5F636F 
 1816      756E7465 
 1816      725F524F 
 1816      4D5F7479 
 1817              	.LASF112:
 1818 04d5 474E5520 		.ascii	"GNU C11 5.4.1 20160609 (release) [ARM/embedded-5-br"
 1818      43313120 
 1818      352E342E 
 1818      31203230 
 1818      31363036 
 1819 0508 616E6368 		.ascii	"anch revision 237715] -mcpu=cortex-m3 -mthumb -g -O"
 1819      20726576 
 1819      6973696F 
 1819      6E203233 
 1819      37373135 
 1820 053b 67202D66 		.ascii	"g -ffunction-sections -ffat-lto-objects\000"
 1820      66756E63 
 1820      74696F6E 
 1820      2D736563 
 1820      74696F6E 
 1821              	.LASF56:
 1822 0563 61637469 		.ascii	"action_mask\000"
 1822      6F6E5F6D 
 1822      61736B00 
 1823              	.LASF15:
 1824 056f 45455F54 		.ascii	"EE_THREAD_PTR\000"
 1824      48524541 
 1824      445F5054 
 1824      5200
 1825              	.LASF88:
 1826 057d 45455F72 		.ascii	"EE_rq_queues_tail\000"
 1826      715F7175 
 1826      65756573 
 1826      5F746169 
 1826      6C00
 1827              	.LASF66:
 1828 058f 45455F73 		.ascii	"EE_std_thread_tos\000"
 1828      74645F74 
 1828      68726561 
ARM GAS  C:\Users\MATEOC~1.QUE\AppData\Local\Temp\ccDyuKvo.s 			page 38


 1828      645F746F 
 1828      7300
 1829              	.LASF51:
 1830 05a1 45455F41 		.ascii	"EE_ACTION_CALLBACK\000"
 1830      4354494F 
 1830      4E5F4341 
 1830      4C4C4241 
 1830      434B00
 1831              	.LASF91:
 1832 05b4 45455F72 		.ascii	"EE_rq_bitmask\000"
 1832      715F6269 
 1832      746D6173 
 1832      6B00
 1833              	.LASF34:
 1834 05c2 66697273 		.ascii	"first\000"
 1834      7400
 1835              	.LASF25:
 1836 05c8 436F756E 		.ascii	"CounterObjectType\000"
 1836      7465724F 
 1836      626A6563 
 1836      74547970 
 1836      6500
 1837              	.LASF74:
 1838 05da 63686172 		.ascii	"char\000"
 1838      00
 1839              	.LASF48:
 1840 05df 45455F41 		.ascii	"EE_ACTION_TASK\000"
 1840      4354494F 
 1840      4E5F5441 
 1840      534B00
 1841              	.LASF71:
 1842 05ee 45455F74 		.ascii	"EE_th_rnact_max\000"
 1842      685F726E 
 1842      6163745F 
 1842      6D617800 
 1843              	.LASF50:
 1844 05fe 45455F41 		.ascii	"EE_ACTION_COUNTER\000"
 1844      4354494F 
 1844      4E5F434F 
 1844      554E5445 
 1844      5200
 1845              	.LASF101:
 1846 0610 45455F63 		.ascii	"EE_counter_RAM\000"
 1846      6F756E74 
 1846      65725F52 
 1846      414D00
 1847              	.LASF40:
 1848 061f 73706563 		.ascii	"spec_id\000"
 1848      5F696400 
 1849              	.LASF49:
 1850 0627 45455F41 		.ascii	"EE_ACTION_EVENT\000"
 1850      4354494F 
 1850      4E5F4556 
 1850      454E5400 
 1851              	.LASF65:
 1852 0637 45455F68 		.ascii	"EE_hal_thread_body\000"
 1852      616C5F74 
ARM GAS  C:\Users\MATEOC~1.QUE\AppData\Local\Temp\ccDyuKvo.s 			page 39


 1852      68726561 
 1852      645F626F 
 1852      647900
 1853              	.LASF85:
 1854 064a 45455F73 		.ascii	"EE_sys_ceiling\000"
 1854      79735F63 
 1854      65696C69 
 1854      6E6700
 1855              	.LASF54:
 1856 0659 61637469 		.ascii	"action_kind\000"
 1856      6F6E5F6B 
 1856      696E6400 
 1857              	.LASF114:
 1858 0665 433A5C55 		.ascii	"C:\\Users\\Mateo C. Querol\\Desktop\\reaction_game_"
 1858      73657273 
 1858      5C4D6174 
 1858      656F2043 
 1858      2E205175 
 1859 0694 6572696B 		.ascii	"erika.cydsn\000"
 1859      612E6379 
 1859      64736E00 
 1860              	.LASF63:
 1861 06a0 7461736B 		.ascii	"task\000"
 1861      00
 1862              	.LASF102:
 1863 06a5 45455F6F 		.ascii	"EE_oo_counter_object_RAM\000"
 1863      6F5F636F 
 1863      756E7465 
 1863      725F6F62 
 1863      6A656374 
 1864              	.LASF53:
 1865 06be 41637469 		.ascii	"ActionKindType\000"
 1865      6F6E4B69 
 1865      6E645479 
 1865      706500
 1866              	.LASF72:
 1867 06cd 45455F74 		.ascii	"EE_th_ready_prio\000"
 1867      685F7265 
 1867      6164795F 
 1867      7072696F 
 1867      00
 1868              	.LASF82:
 1869 06de 45455F74 		.ascii	"EE_th_rnact\000"
 1869      685F726E 
 1869      61637400 
 1870              	.LASF90:
 1871 06ea 45455F72 		.ascii	"EE_rq_pairs_tid\000"
 1871      715F7061 
 1871      6972735F 
 1871      74696400 
 1872              	.LASF108:
 1873 06fa 45455F49 		.ascii	"EE_IRQ_nesting_level\000"
 1873      52515F6E 
 1873      65737469 
 1873      6E675F6C 
 1873      6576656C 
 1874              	.LASF12:
ARM GAS  C:\Users\MATEOC~1.QUE\AppData\Local\Temp\ccDyuKvo.s 			page 40


 1875 070f 45455F55 		.ascii	"EE_UINT32\000"
 1875      494E5433 
 1875      3200
 1876              	.LASF11:
 1877 0719 45455F49 		.ascii	"EE_INT32\000"
 1877      4E543332 
 1877      00
 1878              	.LASF67:
 1879 0722 45455F74 		.ascii	"EE_terminate_data\000"
 1879      65726D69 
 1879      6E617465 
 1879      5F646174 
 1879      6100
 1880              	.LASF113:
 1881 0734 47656E65 		.ascii	"Generated_Source\\PSoC5\\ErikaOS_1_eecfg.c\000"
 1881      72617465 
 1881      645F536F 
 1881      75726365 
 1881      5C50536F 
 1882              	.LASF93:
 1883 075d 45455F74 		.ascii	"EE_th_event_active\000"
 1883      685F6576 
 1883      656E745F 
 1883      61637469 
 1883      766500
 1884              	.LASF44:
 1885 0770 636E7463 		.ascii	"cntcycle\000"
 1885      79636C65 
 1885      00
 1886              	.LASF28:
 1887 0779 5359535F 		.ascii	"SYS_tos\000"
 1887      746F7300 
 1888              	.LASF55:
 1889 0781 61637469 		.ascii	"action_task\000"
 1889      6F6E5F74 
 1889      61736B00 
 1890              	.LASF13:
 1891 078d 45455F41 		.ascii	"EE_ADDR\000"
 1891      44445200 
 1892              	.LASF96:
 1893 0795 45455F74 		.ascii	"EE_th_is_extended\000"
 1893      685F6973 
 1893      5F657874 
 1893      656E6465 
 1893      6400
 1894              	.LASF18:
 1895 07a7 45455F46 		.ascii	"EE_FREG\000"
 1895      52454700 
 1896              	.LASF103:
 1897 07af 45455F6F 		.ascii	"EE_oo_autostart_task_data\000"
 1897      6F5F6175 
 1897      746F7374 
 1897      6172745F 
 1897      7461736B 
 1898              		.ident	"GCC: (GNU Tools for ARM Embedded Processors) 5.4.1 20160609 (release) [ARM/embedded-5-bran
