ARM GAS  C:\Users\MATEOC~1.QUE\AppData\Local\Temp\ccQvr55a.s 			page 1


   1              		.syntax unified
   2              		.cpu cortex-m3
   3              		.fpu softvfp
   4              		.eabi_attribute 20, 1
   5              		.eabi_attribute 21, 1
   6              		.eabi_attribute 23, 3
   7              		.eabi_attribute 24, 1
   8              		.eabi_attribute 25, 1
   9              		.eabi_attribute 26, 1
  10              		.eabi_attribute 30, 1
  11              		.eabi_attribute 34, 1
  12              		.eabi_attribute 18, 4
  13              		.thumb
  14              		.syntax unified
  15              		.file	"USBUART_descr.c"
  16              		.text
  17              	.Ltext0:
  18              		.cfi_sections	.debug_frame
  19              		.comm	USBUART_idSerialNumberStringDescriptor,34,4
  20              		.global	USBUART_TABLE
  21              		.global	USBUART_DEVICE0_TABLE
  22              		.global	USBUART_DEVICE0_CONFIGURATION0_TABLE
  23              		.global	USBUART_DEVICE0_CONFIGURATION0_INTERFACE_CLASS
  24              		.global	USBUART_DEVICE0_CONFIGURATION0_EP_SETTINGS_TABLE
  25              		.global	USBUART_SN_STRING_DESCRIPTOR
  26              		.global	USBUART_STRING_DESCRIPTORS
  27              		.global	USBUART_DEVICE0_CONFIGURATION0_DESCR
  28              		.global	USBUART_DEVICE0_DESCR
  29              		.section	.rodata
  30              		.align	2
  31              		.type	USBUART_TABLE, %object
  32              		.size	USBUART_TABLE, 8
  33              	USBUART_TABLE:
  34 0000 01       		.byte	1
  35 0001 000000   		.space	3
  36 0004 00000000 		.word	USBUART_DEVICE0_TABLE
  37              		.type	USBUART_DEVICE0_TABLE, %object
  38              		.size	USBUART_DEVICE0_TABLE, 24
  39              	USBUART_DEVICE0_TABLE:
  40 0008 01       		.byte	1
  41 0009 000000   		.space	3
  42 000c 00000000 		.word	USBUART_DEVICE0_DESCR
  43 0010 00       		.byte	0
  44 0011 000000   		.space	3
  45 0014 00000000 		.word	0
  46 0018 01       		.byte	1
  47 0019 000000   		.space	3
  48 001c 00000000 		.word	USBUART_DEVICE0_CONFIGURATION0_TABLE
  49              		.type	USBUART_DEVICE0_CONFIGURATION0_TABLE, %object
  50              		.size	USBUART_DEVICE0_CONFIGURATION0_TABLE, 40
  51              	USBUART_DEVICE0_CONFIGURATION0_TABLE:
  52 0020 01       		.byte	1
  53 0021 000000   		.space	3
  54 0024 00000000 		.word	USBUART_DEVICE0_CONFIGURATION0_DESCR
  55 0028 03       		.byte	3
  56 0029 000000   		.space	3
  57 002c 00000000 		.word	USBUART_DEVICE0_CONFIGURATION0_EP_SETTINGS_TABLE
ARM GAS  C:\Users\MATEOC~1.QUE\AppData\Local\Temp\ccQvr55a.s 			page 2


  58 0030 00       		.byte	0
  59 0031 000000   		.space	3
  60 0034 00000000 		.word	0
  61 0038 00       		.byte	0
  62 0039 000000   		.space	3
  63 003c 00000000 		.word	0
  64 0040 00       		.byte	0
  65 0041 000000   		.space	3
  66 0044 00000000 		.word	USBUART_DEVICE0_CONFIGURATION0_INTERFACE_CLASS
  67              		.type	USBUART_DEVICE0_CONFIGURATION0_INTERFACE_CLASS, %object
  68              		.size	USBUART_DEVICE0_CONFIGURATION0_INTERFACE_CLASS, 2
  69              	USBUART_DEVICE0_CONFIGURATION0_INTERFACE_CLASS:
  70 0048 02       		.byte	2
  71 0049 0A       		.byte	10
  72 004a 0000     		.space	2
  73              		.type	USBUART_DEVICE0_CONFIGURATION0_EP_SETTINGS_TABLE, %object
  74              		.size	USBUART_DEVICE0_CONFIGURATION0_EP_SETTINGS_TABLE, 24
  75              	USBUART_DEVICE0_CONFIGURATION0_EP_SETTINGS_TABLE:
  76 004c 00       		.byte	0
  77 004d 00       		.byte	0
  78 004e 81       		.byte	-127
  79 004f 03       		.byte	3
  80 0050 0800     		.short	8
  81 0052 02       		.byte	2
  82 0053 00       		.space	1
  83 0054 01       		.byte	1
  84 0055 00       		.byte	0
  85 0056 82       		.byte	-126
  86 0057 02       		.byte	2
  87 0058 4000     		.short	64
  88 005a 0A       		.byte	10
  89 005b 00       		.space	1
  90 005c 01       		.byte	1
  91 005d 00       		.byte	0
  92 005e 03       		.byte	3
  93 005f 02       		.byte	2
  94 0060 4000     		.short	64
  95 0062 0A       		.byte	10
  96 0063 00       		.space	1
  97              		.type	USBUART_SN_STRING_DESCRIPTOR, %object
  98              		.size	USBUART_SN_STRING_DESCRIPTOR, 2
  99              	USBUART_SN_STRING_DESCRIPTOR:
 100 0064 02       		.byte	2
 101 0065 03       		.byte	3
 102 0066 0000     		.space	2
 103              		.type	USBUART_STRING_DESCRIPTORS, %object
 104              		.size	USBUART_STRING_DESCRIPTORS, 169
 105              	USBUART_STRING_DESCRIPTORS:
 106 0068 04       		.byte	4
 107 0069 03       		.byte	3
 108 006a 09       		.byte	9
 109 006b 04       		.byte	4
 110 006c 2A       		.byte	42
 111 006d 03       		.byte	3
 112 006e 48       		.byte	72
 113 006f 00       		.byte	0
 114 0070 6F       		.byte	111
ARM GAS  C:\Users\MATEOC~1.QUE\AppData\Local\Temp\ccQvr55a.s 			page 3


 115 0071 00       		.byte	0
 116 0072 63       		.byte	99
 117 0073 00       		.byte	0
 118 0074 68       		.byte	104
 119 0075 00       		.byte	0
 120 0076 73       		.byte	115
 121 0077 00       		.byte	0
 122 0078 63       		.byte	99
 123 0079 00       		.byte	0
 124 007a 68       		.byte	104
 125 007b 00       		.byte	0
 126 007c 75       		.byte	117
 127 007d 00       		.byte	0
 128 007e 6C       		.byte	108
 129 007f 00       		.byte	0
 130 0080 65       		.byte	101
 131 0081 00       		.byte	0
 132 0082 20       		.byte	32
 133 0083 00       		.byte	0
 134 0084 44       		.byte	68
 135 0085 00       		.byte	0
 136 0086 61       		.byte	97
 137 0087 00       		.byte	0
 138 0088 72       		.byte	114
 139 0089 00       		.byte	0
 140 008a 6D       		.byte	109
 141 008b 00       		.byte	0
 142 008c 73       		.byte	115
 143 008d 00       		.byte	0
 144 008e 74       		.byte	116
 145 008f 00       		.byte	0
 146 0090 61       		.byte	97
 147 0091 00       		.byte	0
 148 0092 64       		.byte	100
 149 0093 00       		.byte	0
 150 0094 74       		.byte	116
 151 0095 00       		.byte	0
 152 0096 1C       		.byte	28
 153 0097 03       		.byte	3
 154 0098 4C       		.byte	76
 155 0099 00       		.byte	0
 156 009a 61       		.byte	97
 157 009b 00       		.byte	0
 158 009c 62       		.byte	98
 159 009d 00       		.byte	0
 160 009e 42       		.byte	66
 161 009f 00       		.byte	0
 162 00a0 6F       		.byte	111
 163 00a1 00       		.byte	0
 164 00a2 61       		.byte	97
 165 00a3 00       		.byte	0
 166 00a4 72       		.byte	114
 167 00a5 00       		.byte	0
 168 00a6 64       		.byte	100
 169 00a7 00       		.byte	0
 170 00a8 54       		.byte	84
 171 00a9 00       		.byte	0
ARM GAS  C:\Users\MATEOC~1.QUE\AppData\Local\Temp\ccQvr55a.s 			page 4


 172 00aa 72       		.byte	114
 173 00ab 00       		.byte	0
 174 00ac 61       		.byte	97
 175 00ad 00       		.byte	0
 176 00ae 63       		.byte	99
 177 00af 00       		.byte	0
 178 00b0 65       		.byte	101
 179 00b1 00       		.byte	0
 180 00b2 38       		.byte	56
 181 00b3 03       		.byte	3
 182 00b4 43       		.byte	67
 183 00b5 00       		.byte	0
 184 00b6 44       		.byte	68
 185 00b7 00       		.byte	0
 186 00b8 43       		.byte	67
 187 00b9 00       		.byte	0
 188 00ba 20       		.byte	32
 189 00bb 00       		.byte	0
 190 00bc 43       		.byte	67
 191 00bd 00       		.byte	0
 192 00be 6F       		.byte	111
 193 00bf 00       		.byte	0
 194 00c0 6D       		.byte	109
 195 00c1 00       		.byte	0
 196 00c2 6D       		.byte	109
 197 00c3 00       		.byte	0
 198 00c4 75       		.byte	117
 199 00c5 00       		.byte	0
 200 00c6 6E       		.byte	110
 201 00c7 00       		.byte	0
 202 00c8 69       		.byte	105
 203 00c9 00       		.byte	0
 204 00ca 63       		.byte	99
 205 00cb 00       		.byte	0
 206 00cc 61       		.byte	97
 207 00cd 00       		.byte	0
 208 00ce 74       		.byte	116
 209 00cf 00       		.byte	0
 210 00d0 69       		.byte	105
 211 00d1 00       		.byte	0
 212 00d2 6F       		.byte	111
 213 00d3 00       		.byte	0
 214 00d4 6E       		.byte	110
 215 00d5 00       		.byte	0
 216 00d6 20       		.byte	32
 217 00d7 00       		.byte	0
 218 00d8 49       		.byte	73
 219 00d9 00       		.byte	0
 220 00da 6E       		.byte	110
 221 00db 00       		.byte	0
 222 00dc 74       		.byte	116
 223 00dd 00       		.byte	0
 224 00de 65       		.byte	101
 225 00df 00       		.byte	0
 226 00e0 72       		.byte	114
 227 00e1 00       		.byte	0
 228 00e2 66       		.byte	102
ARM GAS  C:\Users\MATEOC~1.QUE\AppData\Local\Temp\ccQvr55a.s 			page 5


 229 00e3 00       		.byte	0
 230 00e4 61       		.byte	97
 231 00e5 00       		.byte	0
 232 00e6 63       		.byte	99
 233 00e7 00       		.byte	0
 234 00e8 65       		.byte	101
 235 00e9 00       		.byte	0
 236 00ea 26       		.byte	38
 237 00eb 03       		.byte	3
 238 00ec 43       		.byte	67
 239 00ed 00       		.byte	0
 240 00ee 44       		.byte	68
 241 00ef 00       		.byte	0
 242 00f0 43       		.byte	67
 243 00f1 00       		.byte	0
 244 00f2 20       		.byte	32
 245 00f3 00       		.byte	0
 246 00f4 44       		.byte	68
 247 00f5 00       		.byte	0
 248 00f6 61       		.byte	97
 249 00f7 00       		.byte	0
 250 00f8 74       		.byte	116
 251 00f9 00       		.byte	0
 252 00fa 61       		.byte	97
 253 00fb 00       		.byte	0
 254 00fc 20       		.byte	32
 255 00fd 00       		.byte	0
 256 00fe 49       		.byte	73
 257 00ff 00       		.byte	0
 258 0100 6E       		.byte	110
 259 0101 00       		.byte	0
 260 0102 74       		.byte	116
 261 0103 00       		.byte	0
 262 0104 65       		.byte	101
 263 0105 00       		.byte	0
 264 0106 72       		.byte	114
 265 0107 00       		.byte	0
 266 0108 66       		.byte	102
 267 0109 00       		.byte	0
 268 010a 61       		.byte	97
 269 010b 00       		.byte	0
 270 010c 63       		.byte	99
 271 010d 00       		.byte	0
 272 010e 65       		.byte	101
 273 010f 00       		.byte	0
 274 0110 00       		.byte	0
 275 0111 000000   		.space	3
 276              		.type	USBUART_DEVICE0_CONFIGURATION0_DESCR, %object
 277              		.size	USBUART_DEVICE0_CONFIGURATION0_DESCR, 67
 278              	USBUART_DEVICE0_CONFIGURATION0_DESCR:
 279 0114 09       		.byte	9
 280 0115 02       		.byte	2
 281 0116 43       		.byte	67
 282 0117 00       		.byte	0
 283 0118 02       		.byte	2
 284 0119 01       		.byte	1
 285 011a 01       		.byte	1
ARM GAS  C:\Users\MATEOC~1.QUE\AppData\Local\Temp\ccQvr55a.s 			page 6


 286 011b 80       		.byte	-128
 287 011c 32       		.byte	50
 288 011d 09       		.byte	9
 289 011e 04       		.byte	4
 290 011f 00       		.byte	0
 291 0120 00       		.byte	0
 292 0121 01       		.byte	1
 293 0122 02       		.byte	2
 294 0123 02       		.byte	2
 295 0124 01       		.byte	1
 296 0125 03       		.byte	3
 297 0126 05       		.byte	5
 298 0127 24       		.byte	36
 299 0128 00       		.byte	0
 300 0129 10       		.byte	16
 301 012a 01       		.byte	1
 302 012b 04       		.byte	4
 303 012c 24       		.byte	36
 304 012d 02       		.byte	2
 305 012e 02       		.byte	2
 306 012f 05       		.byte	5
 307 0130 24       		.byte	36
 308 0131 06       		.byte	6
 309 0132 00       		.byte	0
 310 0133 01       		.byte	1
 311 0134 05       		.byte	5
 312 0135 24       		.byte	36
 313 0136 01       		.byte	1
 314 0137 00       		.byte	0
 315 0138 01       		.byte	1
 316 0139 07       		.byte	7
 317 013a 05       		.byte	5
 318 013b 81       		.byte	-127
 319 013c 03       		.byte	3
 320 013d 08       		.byte	8
 321 013e 00       		.byte	0
 322 013f 0A       		.byte	10
 323 0140 09       		.byte	9
 324 0141 04       		.byte	4
 325 0142 01       		.byte	1
 326 0143 00       		.byte	0
 327 0144 02       		.byte	2
 328 0145 0A       		.byte	10
 329 0146 00       		.byte	0
 330 0147 00       		.byte	0
 331 0148 04       		.byte	4
 332 0149 07       		.byte	7
 333 014a 05       		.byte	5
 334 014b 82       		.byte	-126
 335 014c 02       		.byte	2
 336 014d 40       		.byte	64
 337 014e 00       		.byte	0
 338 014f 00       		.byte	0
 339 0150 07       		.byte	7
 340 0151 05       		.byte	5
 341 0152 03       		.byte	3
 342 0153 02       		.byte	2
ARM GAS  C:\Users\MATEOC~1.QUE\AppData\Local\Temp\ccQvr55a.s 			page 7


 343 0154 40       		.byte	64
 344 0155 00       		.byte	0
 345 0156 00       		.byte	0
 346 0157 00       		.space	1
 347              		.type	USBUART_DEVICE0_DESCR, %object
 348              		.size	USBUART_DEVICE0_DESCR, 18
 349              	USBUART_DEVICE0_DESCR:
 350 0158 12       		.byte	18
 351 0159 01       		.byte	1
 352 015a 00       		.byte	0
 353 015b 02       		.byte	2
 354 015c 02       		.byte	2
 355 015d 00       		.byte	0
 356 015e 00       		.byte	0
 357 015f 08       		.byte	8
 358 0160 B4       		.byte	-76
 359 0161 04       		.byte	4
 360 0162 32       		.byte	50
 361 0163 F2       		.byte	-14
 362 0164 01       		.byte	1
 363 0165 00       		.byte	0
 364 0166 01       		.byte	1
 365 0167 02       		.byte	2
 366 0168 80       		.byte	-128
 367 0169 01       		.byte	1
 368              		.text
 369              	.Letext0:
 370              		.file 1 "Generated_Source\\PSoC5\\cytypes.h"
 371              		.file 2 "Generated_Source\\PSoC5\\USBUART.h"
 372              		.file 3 "Generated_Source\\PSoC5\\USBUART_descr.c"
 373              		.section	.debug_info,"",%progbits
 374              	.Ldebug_info0:
 375 0000 9F020000 		.4byte	0x29f
 376 0004 0400     		.2byte	0x4
 377 0006 00000000 		.4byte	.Ldebug_abbrev0
 378 000a 04       		.byte	0x4
 379 000b 01       		.uleb128 0x1
 380 000c 2F010000 		.4byte	.LASF35
 381 0010 0C       		.byte	0xc
 382 0011 B6000000 		.4byte	.LASF36
 383 0015 7B000000 		.4byte	.LASF37
 384 0019 00000000 		.4byte	.Ldebug_line0
 385 001d 02       		.uleb128 0x2
 386 001e 01       		.byte	0x1
 387 001f 06       		.byte	0x6
 388 0020 F0020000 		.4byte	.LASF0
 389 0024 02       		.uleb128 0x2
 390 0025 01       		.byte	0x1
 391 0026 08       		.byte	0x8
 392 0027 21010000 		.4byte	.LASF1
 393 002b 02       		.uleb128 0x2
 394 002c 02       		.byte	0x2
 395 002d 05       		.byte	0x5
 396 002e C1020000 		.4byte	.LASF2
 397 0032 02       		.uleb128 0x2
 398 0033 02       		.byte	0x2
 399 0034 07       		.byte	0x7
ARM GAS  C:\Users\MATEOC~1.QUE\AppData\Local\Temp\ccQvr55a.s 			page 8


 400 0035 FC020000 		.4byte	.LASF3
 401 0039 02       		.uleb128 0x2
 402 003a 04       		.byte	0x4
 403 003b 05       		.byte	0x5
 404 003c DB020000 		.4byte	.LASF4
 405 0040 02       		.uleb128 0x2
 406 0041 04       		.byte	0x4
 407 0042 07       		.byte	0x7
 408 0043 E4010000 		.4byte	.LASF5
 409 0047 02       		.uleb128 0x2
 410 0048 08       		.byte	0x8
 411 0049 05       		.byte	0x5
 412 004a 95020000 		.4byte	.LASF6
 413 004e 02       		.uleb128 0x2
 414 004f 08       		.byte	0x8
 415 0050 07       		.byte	0x7
 416 0051 49020000 		.4byte	.LASF7
 417 0055 03       		.uleb128 0x3
 418 0056 04       		.byte	0x4
 419 0057 05       		.byte	0x5
 420 0058 696E7400 		.ascii	"int\000"
 421 005c 02       		.uleb128 0x2
 422 005d 04       		.byte	0x4
 423 005e 07       		.byte	0x7
 424 005f 2E020000 		.4byte	.LASF8
 425 0063 04       		.uleb128 0x4
 426 0064 CB020000 		.4byte	.LASF9
 427 0068 01       		.byte	0x1
 428 0069 E401     		.2byte	0x1e4
 429 006b 24000000 		.4byte	0x24
 430 006f 04       		.uleb128 0x4
 431 0070 27020000 		.4byte	.LASF10
 432 0074 01       		.byte	0x1
 433 0075 E501     		.2byte	0x1e5
 434 0077 32000000 		.4byte	0x32
 435 007b 02       		.uleb128 0x2
 436 007c 04       		.byte	0x4
 437 007d 04       		.byte	0x4
 438 007e F3000000 		.4byte	.LASF11
 439 0082 02       		.uleb128 0x2
 440 0083 08       		.byte	0x8
 441 0084 04       		.byte	0x4
 442 0085 20020000 		.4byte	.LASF12
 443 0089 02       		.uleb128 0x2
 444 008a 01       		.byte	0x1
 445 008b 08       		.byte	0x8
 446 008c A3020000 		.4byte	.LASF13
 447 0090 02       		.uleb128 0x2
 448 0091 08       		.byte	0x8
 449 0092 04       		.byte	0x4
 450 0093 E4020000 		.4byte	.LASF14
 451 0097 02       		.uleb128 0x2
 452 0098 04       		.byte	0x4
 453 0099 07       		.byte	0x7
 454 009a 8C020000 		.4byte	.LASF15
 455 009e 05       		.uleb128 0x5
 456 009f 08       		.byte	0x8
ARM GAS  C:\Users\MATEOC~1.QUE\AppData\Local\Temp\ccQvr55a.s 			page 9


 457 00a0 02       		.byte	0x2
 458 00a1 9A       		.byte	0x9a
 459 00a2 EF000000 		.4byte	0xef
 460 00a6 06       		.uleb128 0x6
 461 00a7 D1020000 		.4byte	.LASF16
 462 00ab 02       		.byte	0x2
 463 00ac 9C       		.byte	0x9c
 464 00ad 63000000 		.4byte	0x63
 465 00b1 00       		.byte	0
 466 00b2 06       		.uleb128 0x6
 467 00b3 16010000 		.4byte	.LASF17
 468 00b7 02       		.byte	0x2
 469 00b8 9D       		.byte	0x9d
 470 00b9 63000000 		.4byte	0x63
 471 00bd 01       		.byte	0x1
 472 00be 06       		.uleb128 0x6
 473 00bf F6010000 		.4byte	.LASF18
 474 00c3 02       		.byte	0x2
 475 00c4 9E       		.byte	0x9e
 476 00c5 63000000 		.4byte	0x63
 477 00c9 02       		.byte	0x2
 478 00ca 06       		.uleb128 0x6
 479 00cb BD010000 		.4byte	.LASF19
 480 00cf 02       		.byte	0x2
 481 00d0 9F       		.byte	0x9f
 482 00d1 63000000 		.4byte	0x63
 483 00d5 03       		.byte	0x3
 484 00d6 06       		.uleb128 0x6
 485 00d7 A8020000 		.4byte	.LASF20
 486 00db 02       		.byte	0x2
 487 00dc A0       		.byte	0xa0
 488 00dd 6F000000 		.4byte	0x6f
 489 00e1 04       		.byte	0x4
 490 00e2 06       		.uleb128 0x6
 491 00e3 25030000 		.4byte	.LASF21
 492 00e7 02       		.byte	0x2
 493 00e8 A1       		.byte	0xa1
 494 00e9 63000000 		.4byte	0x63
 495 00ed 06       		.byte	0x6
 496 00ee 00       		.byte	0
 497 00ef 07       		.uleb128 0x7
 498 00f0 C8010000 		.4byte	.LASF22
 499 00f4 02       		.byte	0x2
 500 00f5 A2       		.byte	0xa2
 501 00f6 9E000000 		.4byte	0x9e
 502 00fa 05       		.uleb128 0x5
 503 00fb 08       		.byte	0x8
 504 00fc 02       		.byte	0x2
 505 00fd B1       		.byte	0xb1
 506 00fe 19010000 		.4byte	0x119
 507 0102 08       		.uleb128 0x8
 508 0103 6300     		.ascii	"c\000"
 509 0105 02       		.byte	0x2
 510 0106 B3       		.byte	0xb3
 511 0107 63000000 		.4byte	0x63
 512 010b 00       		.byte	0
 513 010c 06       		.uleb128 0x6
ARM GAS  C:\Users\MATEOC~1.QUE\AppData\Local\Temp\ccQvr55a.s 			page 10


 514 010d 85020000 		.4byte	.LASF23
 515 0111 02       		.byte	0x2
 516 0112 B4       		.byte	0xb4
 517 0113 19010000 		.4byte	0x119
 518 0117 04       		.byte	0x4
 519 0118 00       		.byte	0
 520 0119 09       		.uleb128 0x9
 521 011a 04       		.byte	0x4
 522 011b 1F010000 		.4byte	0x11f
 523 011f 0A       		.uleb128 0xa
 524 0120 07       		.uleb128 0x7
 525 0121 3B020000 		.4byte	.LASF24
 526 0125 02       		.byte	0x2
 527 0126 B5       		.byte	0xb5
 528 0127 FA000000 		.4byte	0xfa
 529 012b 0B       		.uleb128 0xb
 530 012c 3B010000 		.4byte	0x13b
 531 0130 3B010000 		.4byte	0x13b
 532 0134 0C       		.uleb128 0xc
 533 0135 97000000 		.4byte	0x97
 534 0139 11       		.byte	0x11
 535 013a 00       		.byte	0
 536 013b 0D       		.uleb128 0xd
 537 013c 63000000 		.4byte	0x63
 538 0140 0E       		.uleb128 0xe
 539 0141 DD000000 		.4byte	.LASF25
 540 0145 03       		.byte	0x3
 541 0146 24       		.byte	0x24
 542 0147 51010000 		.4byte	0x151
 543 014b 05       		.uleb128 0x5
 544 014c 03       		.byte	0x3
 545 014d 00000000 		.4byte	USBUART_DEVICE0_DESCR
 546 0151 0D       		.uleb128 0xd
 547 0152 2B010000 		.4byte	0x12b
 548 0156 0B       		.uleb128 0xb
 549 0157 3B010000 		.4byte	0x13b
 550 015b 66010000 		.4byte	0x166
 551 015f 0C       		.uleb128 0xc
 552 0160 97000000 		.4byte	0x97
 553 0164 42       		.byte	0x42
 554 0165 00       		.byte	0
 555 0166 0E       		.uleb128 0xe
 556 0167 60020000 		.4byte	.LASF26
 557 016b 03       		.byte	0x3
 558 016c 37       		.byte	0x37
 559 016d 77010000 		.4byte	0x177
 560 0171 05       		.uleb128 0x5
 561 0172 03       		.byte	0x3
 562 0173 00000000 		.4byte	USBUART_DEVICE0_CONFIGURATION0_DESCR
 563 0177 0D       		.uleb128 0xd
 564 0178 56010000 		.4byte	0x156
 565 017c 0B       		.uleb128 0xb
 566 017d 8C010000 		.4byte	0x18c
 567 0181 8C010000 		.4byte	0x18c
 568 0185 0C       		.uleb128 0xc
 569 0186 97000000 		.4byte	0x97
 570 018a 02       		.byte	0x2
ARM GAS  C:\Users\MATEOC~1.QUE\AppData\Local\Temp\ccQvr55a.s 			page 11


 571 018b 00       		.byte	0
 572 018c 0D       		.uleb128 0xd
 573 018d EF000000 		.4byte	0xef
 574 0191 0E       		.uleb128 0xe
 575 0192 4A000000 		.4byte	.LASF27
 576 0196 03       		.byte	0x3
 577 0197 D8       		.byte	0xd8
 578 0198 A2010000 		.4byte	0x1a2
 579 019c 05       		.uleb128 0x5
 580 019d 03       		.byte	0x3
 581 019e 00000000 		.4byte	USBUART_DEVICE0_CONFIGURATION0_EP_SETTINGS_TABLE
 582 01a2 0D       		.uleb128 0xd
 583 01a3 7C010000 		.4byte	0x17c
 584 01a7 0B       		.uleb128 0xb
 585 01a8 3B010000 		.4byte	0x13b
 586 01ac B7010000 		.4byte	0x1b7
 587 01b0 0C       		.uleb128 0xc
 588 01b1 97000000 		.4byte	0x97
 589 01b5 01       		.byte	0x1
 590 01b6 00       		.byte	0
 591 01b7 0E       		.uleb128 0xe
 592 01b8 00000000 		.4byte	.LASF28
 593 01bc 03       		.byte	0x3
 594 01bd DE       		.byte	0xde
 595 01be C8010000 		.4byte	0x1c8
 596 01c2 05       		.uleb128 0x5
 597 01c3 03       		.byte	0x3
 598 01c4 00000000 		.4byte	USBUART_DEVICE0_CONFIGURATION0_INTERFACE_CLASS
 599 01c8 0D       		.uleb128 0xd
 600 01c9 A7010000 		.4byte	0x1a7
 601 01cd 0B       		.uleb128 0xb
 602 01ce DD010000 		.4byte	0x1dd
 603 01d2 DD010000 		.4byte	0x1dd
 604 01d6 0C       		.uleb128 0xc
 605 01d7 97000000 		.4byte	0x97
 606 01db 04       		.byte	0x4
 607 01dc 00       		.byte	0
 608 01dd 0D       		.uleb128 0xd
 609 01de 20010000 		.4byte	0x120
 610 01e2 0E       		.uleb128 0xe
 611 01e3 FB010000 		.4byte	.LASF29
 612 01e7 03       		.byte	0x3
 613 01e8 E6       		.byte	0xe6
 614 01e9 F3010000 		.4byte	0x1f3
 615 01ed 05       		.uleb128 0x5
 616 01ee 03       		.byte	0x3
 617 01ef 00000000 		.4byte	USBUART_DEVICE0_CONFIGURATION0_TABLE
 618 01f3 0D       		.uleb128 0xd
 619 01f4 CD010000 		.4byte	0x1cd
 620 01f8 0B       		.uleb128 0xb
 621 01f9 DD010000 		.4byte	0x1dd
 622 01fd 08020000 		.4byte	0x208
 623 0201 0C       		.uleb128 0xc
 624 0202 97000000 		.4byte	0x97
 625 0206 02       		.byte	0x2
 626 0207 00       		.byte	0
 627 0208 0E       		.uleb128 0xe
ARM GAS  C:\Users\MATEOC~1.QUE\AppData\Local\Temp\ccQvr55a.s 			page 12


 628 0209 0F030000 		.4byte	.LASF30
 629 020d 03       		.byte	0x3
 630 020e F1       		.byte	0xf1
 631 020f 19020000 		.4byte	0x219
 632 0213 05       		.uleb128 0x5
 633 0214 03       		.byte	0x3
 634 0215 00000000 		.4byte	USBUART_DEVICE0_TABLE
 635 0219 0D       		.uleb128 0xd
 636 021a F8010000 		.4byte	0x1f8
 637 021e 0B       		.uleb128 0xb
 638 021f DD010000 		.4byte	0x1dd
 639 0223 2E020000 		.4byte	0x22e
 640 0227 0C       		.uleb128 0xc
 641 0228 97000000 		.4byte	0x97
 642 022c 00       		.byte	0
 643 022d 00       		.byte	0
 644 022e 0E       		.uleb128 0xe
 645 022f B3020000 		.4byte	.LASF31
 646 0233 03       		.byte	0x3
 647 0234 F9       		.byte	0xf9
 648 0235 3F020000 		.4byte	0x23f
 649 0239 05       		.uleb128 0x5
 650 023a 03       		.byte	0x3
 651 023b 00000000 		.4byte	USBUART_TABLE
 652 023f 0D       		.uleb128 0xd
 653 0240 1E020000 		.4byte	0x21e
 654 0244 0E       		.uleb128 0xe
 655 0245 F9000000 		.4byte	.LASF32
 656 0249 03       		.byte	0x3
 657 024a C9       		.byte	0xc9
 658 024b 55020000 		.4byte	0x255
 659 024f 05       		.uleb128 0x5
 660 0250 03       		.byte	0x3
 661 0251 00000000 		.4byte	USBUART_SN_STRING_DESCRIPTOR
 662 0255 0D       		.uleb128 0xd
 663 0256 A7010000 		.4byte	0x1a7
 664 025a 0B       		.uleb128 0xb
 665 025b 3B010000 		.4byte	0x13b
 666 025f 6A020000 		.4byte	0x26a
 667 0263 0C       		.uleb128 0xc
 668 0264 97000000 		.4byte	0x97
 669 0268 A8       		.byte	0xa8
 670 0269 00       		.byte	0
 671 026a 0E       		.uleb128 0xe
 672 026b 2F000000 		.4byte	.LASF33
 673 026f 03       		.byte	0x3
 674 0270 96       		.byte	0x96
 675 0271 7B020000 		.4byte	0x27b
 676 0275 05       		.uleb128 0x5
 677 0276 03       		.byte	0x3
 678 0277 00000000 		.4byte	USBUART_STRING_DESCRIPTORS
 679 027b 0D       		.uleb128 0xd
 680 027c 5A020000 		.4byte	0x25a
 681 0280 0B       		.uleb128 0xb
 682 0281 63000000 		.4byte	0x63
 683 0285 90020000 		.4byte	0x290
 684 0289 0C       		.uleb128 0xc
ARM GAS  C:\Users\MATEOC~1.QUE\AppData\Local\Temp\ccQvr55a.s 			page 13


 685 028a 97000000 		.4byte	0x97
 686 028e 21       		.byte	0x21
 687 028f 00       		.byte	0
 688 0290 0F       		.uleb128 0xf
 689 0291 2B030000 		.4byte	.LASF34
 690 0295 03       		.byte	0x3
 691 0296 2701     		.2byte	0x127
 692 0298 80020000 		.4byte	0x280
 693 029c 05       		.uleb128 0x5
 694 029d 03       		.byte	0x3
 695 029e 00000000 		.4byte	USBUART_idSerialNumberStringDescriptor
 696 02a2 00       		.byte	0
 697              		.section	.debug_abbrev,"",%progbits
 698              	.Ldebug_abbrev0:
 699 0000 01       		.uleb128 0x1
 700 0001 11       		.uleb128 0x11
 701 0002 01       		.byte	0x1
 702 0003 25       		.uleb128 0x25
 703 0004 0E       		.uleb128 0xe
 704 0005 13       		.uleb128 0x13
 705 0006 0B       		.uleb128 0xb
 706 0007 03       		.uleb128 0x3
 707 0008 0E       		.uleb128 0xe
 708 0009 1B       		.uleb128 0x1b
 709 000a 0E       		.uleb128 0xe
 710 000b 10       		.uleb128 0x10
 711 000c 17       		.uleb128 0x17
 712 000d 00       		.byte	0
 713 000e 00       		.byte	0
 714 000f 02       		.uleb128 0x2
 715 0010 24       		.uleb128 0x24
 716 0011 00       		.byte	0
 717 0012 0B       		.uleb128 0xb
 718 0013 0B       		.uleb128 0xb
 719 0014 3E       		.uleb128 0x3e
 720 0015 0B       		.uleb128 0xb
 721 0016 03       		.uleb128 0x3
 722 0017 0E       		.uleb128 0xe
 723 0018 00       		.byte	0
 724 0019 00       		.byte	0
 725 001a 03       		.uleb128 0x3
 726 001b 24       		.uleb128 0x24
 727 001c 00       		.byte	0
 728 001d 0B       		.uleb128 0xb
 729 001e 0B       		.uleb128 0xb
 730 001f 3E       		.uleb128 0x3e
 731 0020 0B       		.uleb128 0xb
 732 0021 03       		.uleb128 0x3
 733 0022 08       		.uleb128 0x8
 734 0023 00       		.byte	0
 735 0024 00       		.byte	0
 736 0025 04       		.uleb128 0x4
 737 0026 16       		.uleb128 0x16
 738 0027 00       		.byte	0
 739 0028 03       		.uleb128 0x3
 740 0029 0E       		.uleb128 0xe
 741 002a 3A       		.uleb128 0x3a
ARM GAS  C:\Users\MATEOC~1.QUE\AppData\Local\Temp\ccQvr55a.s 			page 14


 742 002b 0B       		.uleb128 0xb
 743 002c 3B       		.uleb128 0x3b
 744 002d 05       		.uleb128 0x5
 745 002e 49       		.uleb128 0x49
 746 002f 13       		.uleb128 0x13
 747 0030 00       		.byte	0
 748 0031 00       		.byte	0
 749 0032 05       		.uleb128 0x5
 750 0033 13       		.uleb128 0x13
 751 0034 01       		.byte	0x1
 752 0035 0B       		.uleb128 0xb
 753 0036 0B       		.uleb128 0xb
 754 0037 3A       		.uleb128 0x3a
 755 0038 0B       		.uleb128 0xb
 756 0039 3B       		.uleb128 0x3b
 757 003a 0B       		.uleb128 0xb
 758 003b 01       		.uleb128 0x1
 759 003c 13       		.uleb128 0x13
 760 003d 00       		.byte	0
 761 003e 00       		.byte	0
 762 003f 06       		.uleb128 0x6
 763 0040 0D       		.uleb128 0xd
 764 0041 00       		.byte	0
 765 0042 03       		.uleb128 0x3
 766 0043 0E       		.uleb128 0xe
 767 0044 3A       		.uleb128 0x3a
 768 0045 0B       		.uleb128 0xb
 769 0046 3B       		.uleb128 0x3b
 770 0047 0B       		.uleb128 0xb
 771 0048 49       		.uleb128 0x49
 772 0049 13       		.uleb128 0x13
 773 004a 38       		.uleb128 0x38
 774 004b 0B       		.uleb128 0xb
 775 004c 00       		.byte	0
 776 004d 00       		.byte	0
 777 004e 07       		.uleb128 0x7
 778 004f 16       		.uleb128 0x16
 779 0050 00       		.byte	0
 780 0051 03       		.uleb128 0x3
 781 0052 0E       		.uleb128 0xe
 782 0053 3A       		.uleb128 0x3a
 783 0054 0B       		.uleb128 0xb
 784 0055 3B       		.uleb128 0x3b
 785 0056 0B       		.uleb128 0xb
 786 0057 49       		.uleb128 0x49
 787 0058 13       		.uleb128 0x13
 788 0059 00       		.byte	0
 789 005a 00       		.byte	0
 790 005b 08       		.uleb128 0x8
 791 005c 0D       		.uleb128 0xd
 792 005d 00       		.byte	0
 793 005e 03       		.uleb128 0x3
 794 005f 08       		.uleb128 0x8
 795 0060 3A       		.uleb128 0x3a
 796 0061 0B       		.uleb128 0xb
 797 0062 3B       		.uleb128 0x3b
 798 0063 0B       		.uleb128 0xb
ARM GAS  C:\Users\MATEOC~1.QUE\AppData\Local\Temp\ccQvr55a.s 			page 15


 799 0064 49       		.uleb128 0x49
 800 0065 13       		.uleb128 0x13
 801 0066 38       		.uleb128 0x38
 802 0067 0B       		.uleb128 0xb
 803 0068 00       		.byte	0
 804 0069 00       		.byte	0
 805 006a 09       		.uleb128 0x9
 806 006b 0F       		.uleb128 0xf
 807 006c 00       		.byte	0
 808 006d 0B       		.uleb128 0xb
 809 006e 0B       		.uleb128 0xb
 810 006f 49       		.uleb128 0x49
 811 0070 13       		.uleb128 0x13
 812 0071 00       		.byte	0
 813 0072 00       		.byte	0
 814 0073 0A       		.uleb128 0xa
 815 0074 26       		.uleb128 0x26
 816 0075 00       		.byte	0
 817 0076 00       		.byte	0
 818 0077 00       		.byte	0
 819 0078 0B       		.uleb128 0xb
 820 0079 01       		.uleb128 0x1
 821 007a 01       		.byte	0x1
 822 007b 49       		.uleb128 0x49
 823 007c 13       		.uleb128 0x13
 824 007d 01       		.uleb128 0x1
 825 007e 13       		.uleb128 0x13
 826 007f 00       		.byte	0
 827 0080 00       		.byte	0
 828 0081 0C       		.uleb128 0xc
 829 0082 21       		.uleb128 0x21
 830 0083 00       		.byte	0
 831 0084 49       		.uleb128 0x49
 832 0085 13       		.uleb128 0x13
 833 0086 2F       		.uleb128 0x2f
 834 0087 0B       		.uleb128 0xb
 835 0088 00       		.byte	0
 836 0089 00       		.byte	0
 837 008a 0D       		.uleb128 0xd
 838 008b 26       		.uleb128 0x26
 839 008c 00       		.byte	0
 840 008d 49       		.uleb128 0x49
 841 008e 13       		.uleb128 0x13
 842 008f 00       		.byte	0
 843 0090 00       		.byte	0
 844 0091 0E       		.uleb128 0xe
 845 0092 34       		.uleb128 0x34
 846 0093 00       		.byte	0
 847 0094 03       		.uleb128 0x3
 848 0095 0E       		.uleb128 0xe
 849 0096 3A       		.uleb128 0x3a
 850 0097 0B       		.uleb128 0xb
 851 0098 3B       		.uleb128 0x3b
 852 0099 0B       		.uleb128 0xb
 853 009a 49       		.uleb128 0x49
 854 009b 13       		.uleb128 0x13
 855 009c 3F       		.uleb128 0x3f
ARM GAS  C:\Users\MATEOC~1.QUE\AppData\Local\Temp\ccQvr55a.s 			page 16


 856 009d 19       		.uleb128 0x19
 857 009e 02       		.uleb128 0x2
 858 009f 18       		.uleb128 0x18
 859 00a0 00       		.byte	0
 860 00a1 00       		.byte	0
 861 00a2 0F       		.uleb128 0xf
 862 00a3 34       		.uleb128 0x34
 863 00a4 00       		.byte	0
 864 00a5 03       		.uleb128 0x3
 865 00a6 0E       		.uleb128 0xe
 866 00a7 3A       		.uleb128 0x3a
 867 00a8 0B       		.uleb128 0xb
 868 00a9 3B       		.uleb128 0x3b
 869 00aa 05       		.uleb128 0x5
 870 00ab 49       		.uleb128 0x49
 871 00ac 13       		.uleb128 0x13
 872 00ad 3F       		.uleb128 0x3f
 873 00ae 19       		.uleb128 0x19
 874 00af 02       		.uleb128 0x2
 875 00b0 18       		.uleb128 0x18
 876 00b1 00       		.byte	0
 877 00b2 00       		.byte	0
 878 00b3 00       		.byte	0
 879              		.section	.debug_aranges,"",%progbits
 880 0000 14000000 		.4byte	0x14
 881 0004 0200     		.2byte	0x2
 882 0006 00000000 		.4byte	.Ldebug_info0
 883 000a 04       		.byte	0x4
 884 000b 00       		.byte	0
 885 000c 0000     		.2byte	0
 886 000e 0000     		.2byte	0
 887 0010 00000000 		.4byte	0
 888 0014 00000000 		.4byte	0
 889              		.section	.debug_line,"",%progbits
 890              	.Ldebug_line0:
 891 0000 5D000000 		.section	.debug_str,"MS",%progbits,1
 891      02005700 
 891      00000201 
 891      FB0E0D00 
 891      01010101 
 892              	.LASF28:
 893 0000 55534255 		.ascii	"USBUART_DEVICE0_CONFIGURATION0_INTERFACE_CLASS\000"
 893      4152545F 
 893      44455649 
 893      4345305F 
 893      434F4E46 
 894              	.LASF33:
 895 002f 55534255 		.ascii	"USBUART_STRING_DESCRIPTORS\000"
 895      4152545F 
 895      53545249 
 895      4E475F44 
 895      45534352 
 896              	.LASF27:
 897 004a 55534255 		.ascii	"USBUART_DEVICE0_CONFIGURATION0_EP_SETTINGS_TABLE\000"
 897      4152545F 
 897      44455649 
 897      4345305F 
ARM GAS  C:\Users\MATEOC~1.QUE\AppData\Local\Temp\ccQvr55a.s 			page 17


 897      434F4E46 
 898              	.LASF37:
 899 007b 433A5C55 		.ascii	"C:\\Users\\Mateo C. Querol\\Desktop\\reaction_game_"
 899      73657273 
 899      5C4D6174 
 899      656F2043 
 899      2E205175 
 900 00aa 6572696B 		.ascii	"erika.cydsn\000"
 900      612E6379 
 900      64736E00 
 901              	.LASF36:
 902 00b6 47656E65 		.ascii	"Generated_Source\\PSoC5\\USBUART_descr.c\000"
 902      72617465 
 902      645F536F 
 902      75726365 
 902      5C50536F 
 903              	.LASF25:
 904 00dd 55534255 		.ascii	"USBUART_DEVICE0_DESCR\000"
 904      4152545F 
 904      44455649 
 904      4345305F 
 904      44455343 
 905              	.LASF11:
 906 00f3 666C6F61 		.ascii	"float\000"
 906      7400
 907              	.LASF32:
 908 00f9 55534255 		.ascii	"USBUART_SN_STRING_DESCRIPTOR\000"
 908      4152545F 
 908      534E5F53 
 908      5452494E 
 908      475F4445 
 909              	.LASF17:
 910 0116 616C7453 		.ascii	"altSetting\000"
 910      65747469 
 910      6E6700
 911              	.LASF1:
 912 0121 756E7369 		.ascii	"unsigned char\000"
 912      676E6564 
 912      20636861 
 912      7200
 913              	.LASF35:
 914 012f 474E5520 		.ascii	"GNU C11 5.4.1 20160609 (release) [ARM/embedded-5-br"
 914      43313120 
 914      352E342E 
 914      31203230 
 914      31363036 
 915 0162 616E6368 		.ascii	"anch revision 237715] -mcpu=cortex-m3 -mthumb -g -O"
 915      20726576 
 915      6973696F 
 915      6E203233 
 915      37373135 
 916 0195 67202D66 		.ascii	"g -ffunction-sections -ffat-lto-objects\000"
 916      66756E63 
 916      74696F6E 
 916      2D736563 
 916      74696F6E 
 917              	.LASF19:
ARM GAS  C:\Users\MATEOC~1.QUE\AppData\Local\Temp\ccQvr55a.s 			page 18


 918 01bd 61747472 		.ascii	"attributes\000"
 918      69627574 
 918      657300
 919              	.LASF22:
 920 01c8 545F5553 		.ascii	"T_USBUART_EP_SETTINGS_BLOCK\000"
 920      42554152 
 920      545F4550 
 920      5F534554 
 920      54494E47 
 921              	.LASF5:
 922 01e4 6C6F6E67 		.ascii	"long unsigned int\000"
 922      20756E73 
 922      69676E65 
 922      6420696E 
 922      7400
 923              	.LASF18:
 924 01f6 61646472 		.ascii	"addr\000"
 924      00
 925              	.LASF29:
 926 01fb 55534255 		.ascii	"USBUART_DEVICE0_CONFIGURATION0_TABLE\000"
 926      4152545F 
 926      44455649 
 926      4345305F 
 926      434F4E46 
 927              	.LASF12:
 928 0220 646F7562 		.ascii	"double\000"
 928      6C6500
 929              	.LASF10:
 930 0227 75696E74 		.ascii	"uint16\000"
 930      313600
 931              	.LASF8:
 932 022e 756E7369 		.ascii	"unsigned int\000"
 932      676E6564 
 932      20696E74 
 932      00
 933              	.LASF24:
 934 023b 545F5553 		.ascii	"T_USBUART_LUT\000"
 934      42554152 
 934      545F4C55 
 934      5400
 935              	.LASF7:
 936 0249 6C6F6E67 		.ascii	"long long unsigned int\000"
 936      206C6F6E 
 936      6720756E 
 936      7369676E 
 936      65642069 
 937              	.LASF26:
 938 0260 55534255 		.ascii	"USBUART_DEVICE0_CONFIGURATION0_DESCR\000"
 938      4152545F 
 938      44455649 
 938      4345305F 
 938      434F4E46 
 939              	.LASF23:
 940 0285 705F6C69 		.ascii	"p_list\000"
 940      737400
 941              	.LASF15:
 942 028c 73697A65 		.ascii	"sizetype\000"
ARM GAS  C:\Users\MATEOC~1.QUE\AppData\Local\Temp\ccQvr55a.s 			page 19


 942      74797065 
 942      00
 943              	.LASF6:
 944 0295 6C6F6E67 		.ascii	"long long int\000"
 944      206C6F6E 
 944      6720696E 
 944      7400
 945              	.LASF13:
 946 02a3 63686172 		.ascii	"char\000"
 946      00
 947              	.LASF20:
 948 02a8 62756666 		.ascii	"bufferSize\000"
 948      65725369 
 948      7A6500
 949              	.LASF31:
 950 02b3 55534255 		.ascii	"USBUART_TABLE\000"
 950      4152545F 
 950      5441424C 
 950      4500
 951              	.LASF2:
 952 02c1 73686F72 		.ascii	"short int\000"
 952      7420696E 
 952      7400
 953              	.LASF9:
 954 02cb 75696E74 		.ascii	"uint8\000"
 954      3800
 955              	.LASF16:
 956 02d1 696E7465 		.ascii	"interface\000"
 956      72666163 
 956      6500
 957              	.LASF4:
 958 02db 6C6F6E67 		.ascii	"long int\000"
 958      20696E74 
 958      00
 959              	.LASF14:
 960 02e4 6C6F6E67 		.ascii	"long double\000"
 960      20646F75 
 960      626C6500 
 961              	.LASF0:
 962 02f0 7369676E 		.ascii	"signed char\000"
 962      65642063 
 962      68617200 
 963              	.LASF3:
 964 02fc 73686F72 		.ascii	"short unsigned int\000"
 964      7420756E 
 964      7369676E 
 964      65642069 
 964      6E7400
 965              	.LASF30:
 966 030f 55534255 		.ascii	"USBUART_DEVICE0_TABLE\000"
 966      4152545F 
 966      44455649 
 966      4345305F 
 966      5441424C 
 967              	.LASF21:
 968 0325 624D6973 		.ascii	"bMisc\000"
 968      6300
ARM GAS  C:\Users\MATEOC~1.QUE\AppData\Local\Temp\ccQvr55a.s 			page 20


 969              	.LASF34:
 970 032b 55534255 		.ascii	"USBUART_idSerialNumberStringDescriptor\000"
 970      4152545F 
 970      69645365 
 970      7269616C 
 970      4E756D62 
 971              		.ident	"GCC: (GNU Tools for ARM Embedded Processors) 5.4.1 20160609 (release) [ARM/embedded-5-bran
